Arguments: 
  /usr/bin/node /home/nchesnokov/.yarn/bin/yarn.js add vue-118n

PATH: 
  /home/nchesnokov/.yarn/bin:/home/nchesnokov/.config/yarn/global/node_modules/.bin:/home/nchesnokov/.yarn/bin:/home/nchesnokov/.config/yarn/global/node_modules/.bin:/home/nchesnokov/.yarn/bin:/home/nchesnokov/.config/yarn/global/node_modules/.bin:/home/nchesnokov/.local/bin:/home/nchesnokov/bin:/usr/local/bin:/usr/local/sbin:/usr/bin:/usr/sbin

Yarn version: 
  1.22.18

Node version: 
  16.14.1

Platform: 
  linux x64

Trace: 
  Error: https://registry.yarnpkg.com/vue-118n: Not found
      at Request.params.callback [as _callback] (/home/nchesnokov/.yarn/lib/cli.js:66138:18)
      at Request.self.callback (/home/nchesnokov/.yarn/lib/cli.js:140883:22)
      at Request.emit (node:events:526:28)
      at Request.<anonymous> (/home/nchesnokov/.yarn/lib/cli.js:141855:10)
      at Request.emit (node:events:526:28)
      at IncomingMessage.<anonymous> (/home/nchesnokov/.yarn/lib/cli.js:141777:12)
      at Object.onceWrapper (node:events:645:28)
      at IncomingMessage.emit (node:events:538:35)
      at endReadableNT (node:internal/streams/readable:1345:12)
      at processTicksAndRejections (node:internal/process/task_queues:83:21)

npm manifest: 
  {
    "name": "webclient",
    "version": "1.0.1",
    "license": "CPL-1.0",
    "scripts": {
      "dev": "vite",
      "build": "vite build",
      "preview": "vite preview"
    },
    "dependencies": {
      "@babel/core": "^7.17.9",
      "@babel/traverse": "^7.17.9",
      "@element-plus/icons-vue": "^0.2.6",
      "@types/leaflet": "^1.7.9",
      "@vue-leaflet/vue-leaflet": "^0.6.1",
      "@vue/compiler-sfc": "^3.2.31",
      "apexcharts": "^3.33.0",
      "clipboard": "^2.0.8",
      "element-plus": "^2.0.1",
      "leaflet": "^1.7.1",
      "mitt": "^3.0.0",
      "uuid": "^8.3.2",
      "vue": "^3.2.25",
      "vue-sfc2esm": "^0.1.6",
      "vue3-apexcharts": "^1.4.1",
      "vue3-json-viewer": "^1.0.4",
      "vue3-sfc-loader": "^0.8.4",
      "xstate": "^4.28.1"
    },
    "devDependencies": {
      "@intlify/vite-plugin-vue-i18n": "^3.4.0",
      "@vitejs/plugin-vue": "^2.0.0",
      "js-yaml": "^4.1.0",
      "vite": "^2.7.2",
      "vue-i18n": "^9.1.9"
    }
  }

yarn manifest: 
  No manifest

Lockfile: 
  # THIS IS AN AUTOGENERATED FILE. DO NOT EDIT THIS FILE DIRECTLY.
  # yarn lockfile v1
  
  
  "@ampproject/remapping@^2.1.0":
    version "2.1.2"
    resolved "https://registry.yarnpkg.com/@ampproject/remapping/-/remapping-2.1.2.tgz#4edca94973ded9630d20101cd8559cedb8d8bd34"
    integrity sha512-hoyByceqwKirw7w3Z7gnIIZC3Wx3J484Y3L/cMpXFbr7d9ZQj2mODrirNzcJa+SM3UlpWXYvKV4RlRpFXlWgXg==
    dependencies:
      "@jridgewell/trace-mapping" "^0.3.0"
  
  "@babel/code-frame@^7.16.7":
    version "7.16.7"
    resolved "https://registry.yarnpkg.com/@babel/code-frame/-/code-frame-7.16.7.tgz#44416b6bd7624b998f5b1af5d470856c40138789"
    integrity sha512-iAXqUn8IIeBTNd72xsFlgaXHkMBMt6y4HJp1tIaK465CWLT/fG1aqB7ykr95gHHmlBdGbFeWWfyB4NJJ0nmeIg==
    dependencies:
      "@babel/highlight" "^7.16.7"
  
  "@babel/compat-data@^7.17.7":
    version "7.17.7"
    resolved "https://registry.yarnpkg.com/@babel/compat-data/-/compat-data-7.17.7.tgz#078d8b833fbbcc95286613be8c716cef2b519fa2"
    integrity sha512-p8pdE6j0a29TNGebNm7NzYZWB3xVZJBZ7XGs42uAKzQo8VQ3F0By/cQCtUEABwIqw5zo6WA4NbmxsfzADzMKnQ==
  
  "@babel/core@^7.17.9":
    version "7.17.9"
    resolved "https://registry.yarnpkg.com/@babel/core/-/core-7.17.9.tgz#6bae81a06d95f4d0dec5bb9d74bbc1f58babdcfe"
    integrity sha512-5ug+SfZCpDAkVp9SFIZAzlW18rlzsOcJGaetCjkySnrXXDUw9AR8cDUm1iByTmdWM6yxX6/zycaV76w3YTF2gw==
    dependencies:
      "@ampproject/remapping" "^2.1.0"
      "@babel/code-frame" "^7.16.7"
      "@babel/generator" "^7.17.9"
      "@babel/helper-compilation-targets" "^7.17.7"
      "@babel/helper-module-transforms" "^7.17.7"
      "@babel/helpers" "^7.17.9"
      "@babel/parser" "^7.17.9"
      "@babel/template" "^7.16.7"
      "@babel/traverse" "^7.17.9"
      "@babel/types" "^7.17.0"
      convert-source-map "^1.7.0"
      debug "^4.1.0"
      gensync "^1.0.0-beta.2"
      json5 "^2.2.1"
      semver "^6.3.0"
  
  "@babel/generator@^7.17.9":
    version "7.17.9"
    resolved "https://registry.yarnpkg.com/@babel/generator/-/generator-7.17.9.tgz#f4af9fd38fa8de143c29fce3f71852406fc1e2fc"
    integrity sha512-rAdDousTwxbIxbz5I7GEQ3lUip+xVCXooZNbsydCWs3xA7ZsYOv+CFRdzGxRX78BmQHu9B1Eso59AOZQOJDEdQ==
    dependencies:
      "@babel/types" "^7.17.0"
      jsesc "^2.5.1"
      source-map "^0.5.0"
  
  "@babel/helper-compilation-targets@^7.17.7":
    version "7.17.7"
    resolved "https://registry.yarnpkg.com/@babel/helper-compilation-targets/-/helper-compilation-targets-7.17.7.tgz#a3c2924f5e5f0379b356d4cfb313d1414dc30e46"
    integrity sha512-UFzlz2jjd8kroj0hmCFV5zr+tQPi1dpC2cRsDV/3IEW8bJfCPrPpmcSN6ZS8RqIq4LXcmpipCQFPddyFA5Yc7w==
    dependencies:
      "@babel/compat-data" "^7.17.7"
      "@babel/helper-validator-option" "^7.16.7"
      browserslist "^4.17.5"
      semver "^6.3.0"
  
  "@babel/helper-environment-visitor@^7.16.7":
    version "7.16.7"
    resolved "https://registry.yarnpkg.com/@babel/helper-environment-visitor/-/helper-environment-visitor-7.16.7.tgz#ff484094a839bde9d89cd63cba017d7aae80ecd7"
    integrity sha512-SLLb0AAn6PkUeAfKJCCOl9e1R53pQlGAfc4y4XuMRZfqeMYLE0dM1LMhqbGAlGQY0lfw5/ohoYWAe9V1yibRag==
    dependencies:
      "@babel/types" "^7.16.7"
  
  "@babel/helper-function-name@^7.17.9":
    version "7.17.9"
    resolved "https://registry.yarnpkg.com/@babel/helper-function-name/-/helper-function-name-7.17.9.tgz#136fcd54bc1da82fcb47565cf16fd8e444b1ff12"
    integrity sha512-7cRisGlVtiVqZ0MW0/yFB4atgpGLWEHUVYnb448hZK4x+vih0YO5UoS11XIYtZYqHd0dIPMdUSv8q5K4LdMnIg==
    dependencies:
      "@babel/template" "^7.16.7"
      "@babel/types" "^7.17.0"
  
  "@babel/helper-hoist-variables@^7.16.7":
    version "7.16.7"
    resolved "https://registry.yarnpkg.com/@babel/helper-hoist-variables/-/helper-hoist-variables-7.16.7.tgz#86bcb19a77a509c7b77d0e22323ef588fa58c246"
    integrity sha512-m04d/0Op34H5v7pbZw6pSKP7weA6lsMvfiIAMeIvkY/R4xQtBSMFEigu9QTZ2qB/9l22vsxtM8a+Q8CzD255fg==
    dependencies:
      "@babel/types" "^7.16.7"
  
  "@babel/helper-module-imports@^7.16.7":
    version "7.16.7"
    resolved "https://registry.yarnpkg.com/@babel/helper-module-imports/-/helper-module-imports-7.16.7.tgz#25612a8091a999704461c8a222d0efec5d091437"
    integrity sha512-LVtS6TqjJHFc+nYeITRo6VLXve70xmq7wPhWTqDJusJEgGmkAACWwMiTNrvfoQo6hEhFwAIixNkvB0jPXDL8Wg==
    dependencies:
      "@babel/types" "^7.16.7"
  
  "@babel/helper-module-transforms@^7.17.7":
    version "7.17.7"
    resolved "https://registry.yarnpkg.com/@babel/helper-module-transforms/-/helper-module-transforms-7.17.7.tgz#3943c7f777139e7954a5355c815263741a9c1cbd"
    integrity sha512-VmZD99F3gNTYB7fJRDTi+u6l/zxY0BE6OIxPSU7a50s6ZUQkHwSDmV92FfM+oCG0pZRVojGYhkR8I0OGeCVREw==
    dependencies:
      "@babel/helper-environment-visitor" "^7.16.7"
      "@babel/helper-module-imports" "^7.16.7"
      "@babel/helper-simple-access" "^7.17.7"
      "@babel/helper-split-export-declaration" "^7.16.7"
      "@babel/helper-validator-identifier" "^7.16.7"
      "@babel/template" "^7.16.7"
      "@babel/traverse" "^7.17.3"
      "@babel/types" "^7.17.0"
  
  "@babel/helper-simple-access@^7.17.7":
    version "7.17.7"
    resolved "https://registry.yarnpkg.com/@babel/helper-simple-access/-/helper-simple-access-7.17.7.tgz#aaa473de92b7987c6dfa7ce9a7d9674724823367"
    integrity sha512-txyMCGroZ96i+Pxr3Je3lzEJjqwaRC9buMUgtomcrLe5Nd0+fk1h0LLA+ixUF5OW7AhHuQ7Es1WcQJZmZsz2XA==
    dependencies:
      "@babel/types" "^7.17.0"
  
  "@babel/helper-split-export-declaration@^7.16.7":
    version "7.16.7"
    resolved "https://registry.yarnpkg.com/@babel/helper-split-export-declaration/-/helper-split-export-declaration-7.16.7.tgz#0b648c0c42da9d3920d85ad585f2778620b8726b"
    integrity sha512-xbWoy/PFoxSWazIToT9Sif+jJTlrMcndIsaOKvTA6u7QEo7ilkRZpjew18/W3c7nm8fXdUDXh02VXTbZ0pGDNw==
    dependencies:
      "@babel/types" "^7.16.7"
  
  "@babel/helper-validator-identifier@^7.16.7":
    version "7.16.7"
    resolved "https://registry.yarnpkg.com/@babel/helper-validator-identifier/-/helper-validator-identifier-7.16.7.tgz#e8c602438c4a8195751243da9031d1607d247cad"
    integrity sha512-hsEnFemeiW4D08A5gUAZxLBTXpZ39P+a+DGDsHw1yxqyQ/jzFEnxf5uTEGp+3bzAbNOxU1paTgYS4ECU/IgfDw==
  
  "@babel/helper-validator-option@^7.16.7":
    version "7.16.7"
    resolved "https://registry.yarnpkg.com/@babel/helper-validator-option/-/helper-validator-option-7.16.7.tgz#b203ce62ce5fe153899b617c08957de860de4d23"
    integrity sha512-TRtenOuRUVo9oIQGPC5G9DgK4743cdxvtOw0weQNpZXaS16SCBi5MNjZF8vba3ETURjZpTbVn7Vvcf2eAwFozQ==
  
  "@babel/helpers@^7.17.9":
    version "7.17.9"
    resolved "https://registry.yarnpkg.com/@babel/helpers/-/helpers-7.17.9.tgz#b2af120821bfbe44f9907b1826e168e819375a1a"
    integrity sha512-cPCt915ShDWUEzEp3+UNRktO2n6v49l5RSnG9M5pS24hA+2FAc5si+Pn1i4VVbQQ+jh+bIZhPFQOJOzbrOYY1Q==
    dependencies:
      "@babel/template" "^7.16.7"
      "@babel/traverse" "^7.17.9"
      "@babel/types" "^7.17.0"
  
  "@babel/highlight@^7.16.7":
    version "7.17.9"
    resolved "https://registry.yarnpkg.com/@babel/highlight/-/highlight-7.17.9.tgz#61b2ee7f32ea0454612def4fccdae0de232b73e3"
    integrity sha512-J9PfEKCbFIv2X5bjTMiZu6Vf341N05QIY+d6FvVKynkG1S7G0j3I0QoRtWIrXhZ+/Nlb5Q0MzqL7TokEJ5BNHg==
    dependencies:
      "@babel/helper-validator-identifier" "^7.16.7"
      chalk "^2.0.0"
      js-tokens "^4.0.0"
  
  "@babel/parser@^7.16.4":
    version "7.17.8"
    resolved "https://registry.yarnpkg.com/@babel/parser/-/parser-7.17.8.tgz#2817fb9d885dd8132ea0f8eb615a6388cca1c240"
    integrity sha512-BoHhDJrJXqcg+ZL16Xv39H9n+AqJ4pcDrQBGZN+wHxIysrLZ3/ECwCBUch/1zUNhnsXULcONU3Ei5Hmkfk6kiQ==
  
  "@babel/parser@^7.16.7", "@babel/parser@^7.17.9":
    version "7.17.9"
    resolved "https://registry.yarnpkg.com/@babel/parser/-/parser-7.17.9.tgz#9c94189a6062f0291418ca021077983058e171ef"
    integrity sha512-vqUSBLP8dQHFPdPi9bc5GK9vRkYHJ49fsZdtoJ8EQ8ibpwk5rPKfvNIwChB0KVXcIjcepEBBd2VHC5r9Gy8ueg==
  
  "@babel/template@^7.16.7":
    version "7.16.7"
    resolved "https://registry.yarnpkg.com/@babel/template/-/template-7.16.7.tgz#8d126c8701fde4d66b264b3eba3d96f07666d155"
    integrity sha512-I8j/x8kHUrbYRTUxXrrMbfCa7jxkE7tZre39x3kjr9hvI82cK1FfqLygotcWN5kdPGWcLdWMHpSBavse5tWw3w==
    dependencies:
      "@babel/code-frame" "^7.16.7"
      "@babel/parser" "^7.16.7"
      "@babel/types" "^7.16.7"
  
  "@babel/traverse@^7.17.3", "@babel/traverse@^7.17.9":
    version "7.17.9"
    resolved "https://registry.yarnpkg.com/@babel/traverse/-/traverse-7.17.9.tgz#1f9b207435d9ae4a8ed6998b2b82300d83c37a0d"
    integrity sha512-PQO8sDIJ8SIwipTPiR71kJQCKQYB5NGImbOviK8K+kg5xkNSYXLBupuX9QhatFowrsvo9Hj8WgArg3W7ijNAQw==
    dependencies:
      "@babel/code-frame" "^7.16.7"
      "@babel/generator" "^7.17.9"
      "@babel/helper-environment-visitor" "^7.16.7"
      "@babel/helper-function-name" "^7.17.9"
      "@babel/helper-hoist-variables" "^7.16.7"
      "@babel/helper-split-export-declaration" "^7.16.7"
      "@babel/parser" "^7.17.9"
      "@babel/types" "^7.17.0"
      debug "^4.1.0"
      globals "^11.1.0"
  
  "@babel/types@^7.16.7", "@babel/types@^7.17.0":
    version "7.17.0"
    resolved "https://registry.yarnpkg.com/@babel/types/-/types-7.17.0.tgz#a826e368bccb6b3d84acd76acad5c0d87342390b"
    integrity sha512-TmKSNO4D5rzhL5bjWFcVHHLETzfQ/AmbKpKPOSjlP0WoHZ6L911fgoOKY4Alp/emzG4cHJdyN49zpgkbXFEHHw==
    dependencies:
      "@babel/helper-validator-identifier" "^7.16.7"
      to-fast-properties "^2.0.0"
  
  "@ctrl/tinycolor@^3.4.0":
    version "3.4.0"
    resolved "https://registry.yarnpkg.com/@ctrl/tinycolor/-/tinycolor-3.4.0.tgz#c3c5ae543c897caa9c2a68630bed355be5f9990f"
    integrity sha512-JZButFdZ1+/xAfpguQHoabIXkcqRRKpMrWKBkpEZZyxfY9C1DpADFB8PEqGSTeFr135SaTRfKqGKx5xSCLI7ZQ==
  
  "@element-plus/icons-vue@^0.2.6":
    version "0.2.7"
    resolved "https://registry.yarnpkg.com/@element-plus/icons-vue/-/icons-vue-0.2.7.tgz#c0b75363098bf1fba414e18706604bfe5057ae1b"
    integrity sha512-S8kDbfVaWkQvbUYQE1ui448tzaHfUvyESCep9J6uPRlViyQPXjdIfwLBhV6AmQSOfFS8rL+xehJGhvzPXLrSBg==
  
  "@element-plus/icons-vue@^1.1.4":
    version "1.1.4"
    resolved "https://registry.yarnpkg.com/@element-plus/icons-vue/-/icons-vue-1.1.4.tgz#5d2788ea356f1458068e6d400e724ca5f3d29aca"
    integrity sha512-Iz/nHqdp1sFPmdzRwHkEQQA3lKvoObk8azgABZ81QUOpW9s/lUyQVUSh0tNtEPZXQlKwlSh7SPgoVxzrE0uuVQ==
  
  "@floating-ui/core@^0.6.1":
    version "0.6.1"
    resolved "https://registry.yarnpkg.com/@floating-ui/core/-/core-0.6.1.tgz#aed861a1b6dbebadf14a9dd829ba67f4f3ae795c"
    integrity sha512-Y30eVMcZva8o84c0HcXAtDO4BEzPJMvF6+B7x7urL2xbAqVsGJhojOyHLaoQHQYjb6OkqRq5kO+zeySycQwKqg==
  
  "@floating-ui/dom@^0.4.2":
    version "0.4.2"
    resolved "https://registry.yarnpkg.com/@floating-ui/dom/-/dom-0.4.2.tgz#5c34a19f23a0d72af564e45e5af8000b45318e60"
    integrity sha512-2/4vOhMAujkMmGqGX1Gut84phe5MNfk1kGeM+RSTJCpeR0SWR2/RR+/f1r1msOvTQa28wn7HEhxGe71CjYY/vw==
    dependencies:
      "@floating-ui/core" "^0.6.1"
  
  "@intlify/bundle-utils@^2.2.2":
    version "2.2.2"
    resolved "https://registry.yarnpkg.com/@intlify/bundle-utils/-/bundle-utils-2.2.2.tgz#fe65ce2549a73b99b75f3e66209d741b4f4d61fd"
    integrity sha512-vngkvlIVV8ZJoyC5VqMvqJd2nvsx+qMN7pQjPiPjOrVndeiR7Dlue0k86Q8FsFUzyksW3HJZZi833ldxwbFzTA==
    dependencies:
      "@intlify/message-compiler" "^9.1.0"
      "@intlify/shared" "^9.1.0"
      jsonc-eslint-parser "^1.0.1"
      source-map "^0.6.1"
      yaml-eslint-parser "^0.3.2"
  
  "@intlify/core-base@9.1.9":
    version "9.1.9"
    resolved "https://registry.yarnpkg.com/@intlify/core-base/-/core-base-9.1.9.tgz#e4e8c951010728e4af3a0d13d74cf3f9e7add7f6"
    integrity sha512-x5T0p/Ja0S8hs5xs+ImKyYckVkL4CzcEXykVYYV6rcbXxJTe2o58IquSqX9bdncVKbRZP7GlBU1EcRaQEEJ+vw==
    dependencies:
      "@intlify/devtools-if" "9.1.9"
      "@intlify/message-compiler" "9.1.9"
      "@intlify/message-resolver" "9.1.9"
      "@intlify/runtime" "9.1.9"
      "@intlify/shared" "9.1.9"
      "@intlify/vue-devtools" "9.1.9"
  
  "@intlify/devtools-if@9.1.9":
    version "9.1.9"
    resolved "https://registry.yarnpkg.com/@intlify/devtools-if/-/devtools-if-9.1.9.tgz#a30e1dd1256ff2c5c98d8d75d075384fba898e5d"
    integrity sha512-oKSMKjttG3Ut/1UGEZjSdghuP3fwA15zpDPcjkf/1FjlOIm6uIBGMNS5jXzsZy593u+P/YcnrZD6cD3IVFz9vQ==
    dependencies:
      "@intlify/shared" "9.1.9"
  
  "@intlify/message-compiler@9.1.9", "@intlify/message-compiler@^9.1.0":
    version "9.1.9"
    resolved "https://registry.yarnpkg.com/@intlify/message-compiler/-/message-compiler-9.1.9.tgz#1193cbd224a71c2fb981455b8534a3c766d2948d"
    integrity sha512-6YgCMF46Xd0IH2hMRLCssZI3gFG4aywidoWQ3QP4RGYQXQYYfFC54DxhSgfIPpVoPLQ+4AD29eoYmhiHZ+qLFQ==
    dependencies:
      "@intlify/message-resolver" "9.1.9"
      "@intlify/shared" "9.1.9"
      source-map "0.6.1"
  
  "@intlify/message-resolver@9.1.9":
    version "9.1.9"
    resolved "https://registry.yarnpkg.com/@intlify/message-resolver/-/message-resolver-9.1.9.tgz#3155ccd2f5e6d0dc16cad8b7f1d8e97fcda05bfc"
    integrity sha512-Lx/DBpigeK0sz2BBbzv5mu9/dAlt98HxwbG7xLawC3O2xMF9MNWU5FtOziwYG6TDIjNq0O/3ZbOJAxwITIWXEA==
  
  "@intlify/runtime@9.1.9":
    version "9.1.9"
    resolved "https://registry.yarnpkg.com/@intlify/runtime/-/runtime-9.1.9.tgz#2c12ce29518a075629efed0a8ed293ee740cb285"
    integrity sha512-XgPw8+UlHCiie3fI41HPVa/VDJb3/aSH7bLhY1hJvlvNV713PFtb4p4Jo+rlE0gAoMsMCGcsiT982fImolSltg==
    dependencies:
      "@intlify/message-compiler" "9.1.9"
      "@intlify/message-resolver" "9.1.9"
      "@intlify/shared" "9.1.9"
  
  "@intlify/shared@9.1.9", "@intlify/shared@^9.1.0":
    version "9.1.9"
    resolved "https://registry.yarnpkg.com/@intlify/shared/-/shared-9.1.9.tgz#0baaf96128b85560666bec784ffb01f6623cc17a"
    integrity sha512-xKGM1d0EAxdDFCWedcYXOm6V5Pfw/TMudd6/qCdEb4tv0hk9EKeg7lwQF1azE0dP2phvx0yXxrt7UQK+IZjNdw==
  
  "@intlify/vite-plugin-vue-i18n@^3.4.0":
    version "3.4.0"
    resolved "https://registry.yarnpkg.com/@intlify/vite-plugin-vue-i18n/-/vite-plugin-vue-i18n-3.4.0.tgz#cf15b0d207a843227a5da0ac713f1a5b9d96e40b"
    integrity sha512-XXcZBgwJ+3FRu11c4ARoY9N00kElPii0/jNZ49qR045Ka7/YGCwb1Ku14BBlMSEHiHDSjLQknLwrJKSQGVZLyA==
    dependencies:
      "@intlify/bundle-utils" "^2.2.2"
      "@intlify/shared" "^9.1.0"
      "@rollup/pluginutils" "^4.1.0"
      debug "^4.3.1"
      fast-glob "^3.2.5"
      source-map "0.6.1"
  
  "@intlify/vue-devtools@9.1.9":
    version "9.1.9"
    resolved "https://registry.yarnpkg.com/@intlify/vue-devtools/-/vue-devtools-9.1.9.tgz#2be8f4dbe7f7ed4115676eb32348141d411e426b"
    integrity sha512-YPehH9uL4vZcGXky4Ev5qQIITnHKIvsD2GKGXgqf+05osMUI6WSEQHaN9USRa318Rs8RyyPCiDfmA0hRu3k7og==
    dependencies:
      "@intlify/message-resolver" "9.1.9"
      "@intlify/runtime" "9.1.9"
      "@intlify/shared" "9.1.9"
  
  "@jridgewell/resolve-uri@^3.0.3":
    version "3.0.5"
    resolved "https://registry.yarnpkg.com/@jridgewell/resolve-uri/-/resolve-uri-3.0.5.tgz#68eb521368db76d040a6315cdb24bf2483037b9c"
    integrity sha512-VPeQ7+wH0itvQxnG+lIzWgkysKIr3L9sslimFW55rHMdGu/qCQ5z5h9zq4gI8uBtqkpHhsF4Z/OwExufUCThew==
  
  "@jridgewell/sourcemap-codec@^1.4.10":
    version "1.4.11"
    resolved "https://registry.yarnpkg.com/@jridgewell/sourcemap-codec/-/sourcemap-codec-1.4.11.tgz#771a1d8d744eeb71b6adb35808e1a6c7b9b8c8ec"
    integrity sha512-Fg32GrJo61m+VqYSdRSjRXMjQ06j8YIYfcTqndLYVAaHmroZHLJZCydsWBOTDqXS2v+mjxohBWEMfg97GXmYQg==
  
  "@jridgewell/trace-mapping@^0.3.0":
    version "0.3.4"
    resolved "https://registry.yarnpkg.com/@jridgewell/trace-mapping/-/trace-mapping-0.3.4.tgz#f6a0832dffd5b8a6aaa633b7d9f8e8e94c83a0c3"
    integrity sha512-vFv9ttIedivx0ux3QSjhgtCVjPZd5l46ZOMDSCwnH1yUO2e964gO8LZGyv2QkqcgR6TnBU1v+1IFqmeoG+0UJQ==
    dependencies:
      "@jridgewell/resolve-uri" "^3.0.3"
      "@jridgewell/sourcemap-codec" "^1.4.10"
  
  "@migrate-to-esm/clipboard@^2.0.6-1":
    version "2.0.6-1"
    resolved "https://registry.yarnpkg.com/@migrate-to-esm/clipboard/-/clipboard-2.0.6-1.tgz#7f24f9d2a504549a7168b256be286bbbb792ba9d"
    integrity sha512-WZz0P4g80WgbZsGZD660qSmxP1QXo4Ynaw2uelBm7shObDZI1MDGFz/t7wAKoNUXdo4VILez1hDeWE3Qui+DHg==
    dependencies:
      "@migrate-to-esm/good-listener" "^1.2.2"
      "@migrate-to-esm/select" "^1.1.2"
      "@migrate-to-esm/tiny-emitter" "^2.0.2"
  
  "@migrate-to-esm/delegate@^3.1.2":
    version "3.2.0"
    resolved "https://registry.yarnpkg.com/@migrate-to-esm/delegate/-/delegate-3.2.0.tgz#009aa892fc53e3e6c193bb597912371504111cd7"
    integrity sha512-+zwJ87lRr64/JUYeoUp9vtqxzJjvQdRR/X2p9XgZbNvcB906CxWq67vSnk+zYv1bqKWHcrsj6fzdAP5mbnsQSg==
  
  "@migrate-to-esm/good-listener@^1.2.2":
    version "1.2.2"
    resolved "https://registry.yarnpkg.com/@migrate-to-esm/good-listener/-/good-listener-1.2.2.tgz#85c5f50449c7780b91106f1d538639d3a5cea08e"
    integrity sha512-DEv089YhCkRBb6kB2NGLO7ErmMsekliPf/8eKACE2eStjz7rMDdXnmaj8yMzrdT2vvrX2A0IX3bhAQgaY3mymQ==
    dependencies:
      "@migrate-to-esm/delegate" "^3.1.2"
  
  "@migrate-to-esm/select@^1.1.2":
    version "1.1.2"
    resolved "https://registry.yarnpkg.com/@migrate-to-esm/select/-/select-1.1.2.tgz#7352fdf0c4a0dab10714c1a2a6c62e39f7f3651a"
    integrity sha512-nkHn0JIq4/SbgwUzXZvYC5F1ePjbQns3irWsQcDX34UVw9XnbcALQr0/Ygjcnb9YlPhsO5++Xd1i6cfEzOwQFg==
  
  "@migrate-to-esm/tiny-emitter@^2.0.2":
    version "2.0.2"
    resolved "https://registry.yarnpkg.com/@migrate-to-esm/tiny-emitter/-/tiny-emitter-2.0.2.tgz#949596cf7fc8ed3e74c3538b9bc6e7a8eb02bd35"
    integrity sha512-4RHPzP7HEN9zhFRYwEFZYCbNavpOy5k/xzU6BbUTmz3xnfrOvd9rr4McCRO0o8vgSKrFI6s31IYfjfn2r8STbg==
  
  "@nodelib/fs.scandir@2.1.5":
    version "2.1.5"
    resolved "https://registry.yarnpkg.com/@nodelib/fs.scandir/-/fs.scandir-2.1.5.tgz#7619c2eb21b25483f6d167548b4cfd5a7488c3d5"
    integrity sha512-vq24Bq3ym5HEQm2NKCr3yXDwjc7vTsEThRDnkp2DK9p1uqLR+DHurm/NOTo0KG7HYHU7eppKZj3MyqYuMBf62g==
    dependencies:
      "@nodelib/fs.stat" "2.0.5"
      run-parallel "^1.1.9"
  
  "@nodelib/fs.stat@2.0.5", "@nodelib/fs.stat@^2.0.2":
    version "2.0.5"
    resolved "https://registry.yarnpkg.com/@nodelib/fs.stat/-/fs.stat-2.0.5.tgz#5bd262af94e9d25bd1e71b05deed44876a222e8b"
    integrity sha512-RkhPPp2zrqDAQA/2jNhnztcPAlv64XdhIp7a7454A5ovI7Bukxgt7MX7udwAu3zg1DcpPU0rz3VV1SeaqvY4+A==
  
  "@nodelib/fs.walk@^1.2.3":
    version "1.2.8"
    resolved "https://registry.yarnpkg.com/@nodelib/fs.walk/-/fs.walk-1.2.8.tgz#e95737e8bb6746ddedf69c556953494f196fe69a"
    integrity sha512-oGB+UxlgWcgQkgwo8GcEGwemoTFt3FIO9ababBmaGwXIoBKZ+GTy0pP185beGg7Llih/NSHSV2XAs1lnznocSg==
    dependencies:
      "@nodelib/fs.scandir" "2.1.5"
      fastq "^1.6.0"
  
  "@popperjs/core@^2.11.4":
    version "2.11.4"
    resolved "https://registry.yarnpkg.com/@popperjs/core/-/core-2.11.4.tgz#d8c7b8db9226d2d7664553a0741ad7d0397ee503"
    integrity sha512-q/ytXxO5NKvyT37pmisQAItCFqA7FD/vNb8dgaJy3/630Fsc+Mz9/9f2SziBoIZ30TJooXyTwZmhi1zjXmObYg==
  
  "@rollup/pluginutils@^4.1.0":
    version "4.2.1"
    resolved "https://registry.yarnpkg.com/@rollup/pluginutils/-/pluginutils-4.2.1.tgz#e6c6c3aba0744edce3fb2074922d3776c0af2a6d"
    integrity sha512-iKnFXr7NkdZAIHiIWE+BX5ULi/ucVFYWD6TbAV+rZctiRTY2PL6tsIKhoIOaoskiWAkgu+VsbXgUVDNLHf+InQ==
    dependencies:
      estree-walker "^2.0.1"
      picomatch "^2.2.2"
  
  "@types/geojson@*":
    version "7946.0.8"
    resolved "https://registry.yarnpkg.com/@types/geojson/-/geojson-7946.0.8.tgz#30744afdb385e2945e22f3b033f897f76b1f12ca"
    integrity sha512-1rkryxURpr6aWP7R786/UQOkJ3PcpQiWkAXBmdWc7ryFWqN6a4xfK7BtjXvFBKO9LjQ+MWQSWxYeZX1OApnArA==
  
  "@types/leaflet@^1.7.9":
    version "1.7.9"
    resolved "https://registry.yarnpkg.com/@types/leaflet/-/leaflet-1.7.9.tgz#7993d34f14cfa88c45b3d490daba39a3a1be9a2b"
    integrity sha512-H8vPgD49HKzqM41ArHGZM70g/tfhp8W+JcPxfnF+5H/Xvp+xiP+KQOUNWU8U89fqS1Jj3cpRY/+nbnaHFzwnFA==
    dependencies:
      "@types/geojson" "*"
  
  "@vitejs/plugin-vue@^2.0.0":
    version "2.3.1"
    resolved "https://registry.yarnpkg.com/@vitejs/plugin-vue/-/plugin-vue-2.3.1.tgz#5f286b8d3515381c6d5c8fa8eee5e6335f727e14"
    integrity sha512-YNzBt8+jt6bSwpt7LP890U1UcTOIZZxfpE5WOJ638PNxSEKOqAi0+FSKS0nVeukfdZ0Ai/H7AFd6k3hayfGZqQ==
  
  "@vue-leaflet/vue-leaflet@^0.6.1":
    version "0.6.1"
    resolved "https://registry.yarnpkg.com/@vue-leaflet/vue-leaflet/-/vue-leaflet-0.6.1.tgz#d731a5d2256d049e345f58330616180191d88b12"
    integrity sha512-/sm0bdrdftXh5nSGEPsoKrJI1D/GtKiEsBo9X/TA2yu4lYTDcaem6U4t1Ea5CoLleiZRCNUrZr9PG/xHdUPXYA==
  
  "@vue/compiler-core@3.2.31":
    version "3.2.31"
    resolved "https://registry.yarnpkg.com/@vue/compiler-core/-/compiler-core-3.2.31.tgz#d38f06c2cf845742403b523ab4596a3fda152e89"
    integrity sha512-aKno00qoA4o+V/kR6i/pE+aP+esng5siNAVQ422TkBNM6qA4veXiZbSe8OTXHXquEi/f6Akc+nLfB4JGfe4/WQ==
    dependencies:
      "@babel/parser" "^7.16.4"
      "@vue/shared" "3.2.31"
      estree-walker "^2.0.2"
      source-map "^0.6.1"
  
  "@vue/compiler-core@3.2.32":
    version "3.2.32"
    resolved "https://registry.yarnpkg.com/@vue/compiler-core/-/compiler-core-3.2.32.tgz#a0be08214c55ae48092b413d8b552c0573e3a883"
    integrity sha512-bRQ8Rkpm/aYFElDWtKkTPHeLnX5pEkNxhPUcqu5crEJIilZH0yeFu/qUAcV4VfSE2AudNPkQSOwMZofhnuutmA==
    dependencies:
      "@babel/parser" "^7.16.4"
      "@vue/shared" "3.2.32"
      estree-walker "^2.0.2"
      source-map "^0.6.1"
  
  "@vue/compiler-dom@3.2.31":
    version "3.2.31"
    resolved "https://registry.yarnpkg.com/@vue/compiler-dom/-/compiler-dom-3.2.31.tgz#b1b7dfad55c96c8cc2b919cd7eb5fd7e4ddbf00e"
    integrity sha512-60zIlFfzIDf3u91cqfqy9KhCKIJgPeqxgveH2L+87RcGU/alT6BRrk5JtUso0OibH3O7NXuNOQ0cDc9beT0wrg==
    dependencies:
      "@vue/compiler-core" "3.2.31"
      "@vue/shared" "3.2.31"
  
  "@vue/compiler-dom@3.2.32":
    version "3.2.32"
    resolved "https://registry.yarnpkg.com/@vue/compiler-dom/-/compiler-dom-3.2.32.tgz#8ddae1ee463c18c5c3353c4716ec7c84ee29e5ad"
    integrity sha512-maa3PNB/NxR17h2hDQfcmS02o1f9r9QIpN1y6fe8tWPrS1E4+q8MqrvDDQNhYVPd84rc3ybtyumrgm9D5Rf/kg==
    dependencies:
      "@vue/compiler-core" "3.2.32"
      "@vue/shared" "3.2.32"
  
  "@vue/compiler-sfc@3.2.31", "@vue/compiler-sfc@^3.2.31":
    version "3.2.31"
    resolved "https://registry.yarnpkg.com/@vue/compiler-sfc/-/compiler-sfc-3.2.31.tgz#d02b29c3fe34d599a52c5ae1c6937b4d69f11c2f"
    integrity sha512-748adc9msSPGzXgibHiO6T7RWgfnDcVQD+VVwYgSsyyY8Ans64tALHZANrKtOzvkwznV/F4H7OAod/jIlp/dkQ==
    dependencies:
      "@babel/parser" "^7.16.4"
      "@vue/compiler-core" "3.2.31"
      "@vue/compiler-dom" "3.2.31"
      "@vue/compiler-ssr" "3.2.31"
      "@vue/reactivity-transform" "3.2.31"
      "@vue/shared" "3.2.31"
      estree-walker "^2.0.2"
      magic-string "^0.25.7"
      postcss "^8.1.10"
      source-map "^0.6.1"
  
  "@vue/compiler-sfc@3.2.32", "@vue/compiler-sfc@^3.0.0":
    version "3.2.32"
    resolved "https://registry.yarnpkg.com/@vue/compiler-sfc/-/compiler-sfc-3.2.32.tgz#63e09762812b985aa97876fb5cc3265ba8990a8a"
    integrity sha512-uO6+Gh3AVdWm72lRRCjMr8nMOEqc6ezT9lWs5dPzh1E9TNaJkMYPaRtdY9flUv/fyVQotkfjY/ponjfR+trPSg==
    dependencies:
      "@babel/parser" "^7.16.4"
      "@vue/compiler-core" "3.2.32"
      "@vue/compiler-dom" "3.2.32"
      "@vue/compiler-ssr" "3.2.32"
      "@vue/reactivity-transform" "3.2.32"
      "@vue/shared" "3.2.32"
      estree-walker "^2.0.2"
      magic-string "^0.25.7"
      postcss "^8.1.10"
      source-map "^0.6.1"
  
  "@vue/compiler-ssr@3.2.31":
    version "3.2.31"
    resolved "https://registry.yarnpkg.com/@vue/compiler-ssr/-/compiler-ssr-3.2.31.tgz#4fa00f486c9c4580b40a4177871ebbd650ecb99c"
    integrity sha512-mjN0rqig+A8TVDnsGPYJM5dpbjlXeHUm2oZHZwGyMYiGT/F4fhJf/cXy8QpjnLQK4Y9Et4GWzHn9PS8AHUnSkw==
    dependencies:
      "@vue/compiler-dom" "3.2.31"
      "@vue/shared" "3.2.31"
  
  "@vue/compiler-ssr@3.2.32":
    version "3.2.32"
    resolved "https://registry.yarnpkg.com/@vue/compiler-ssr/-/compiler-ssr-3.2.32.tgz#06cf7539c483ba4a25b30bd6741e440c222d4c02"
    integrity sha512-ZklVUF/SgTx6yrDUkaTaBL/JMVOtSocP+z5Xz/qIqqLdW/hWL90P+ob/jOQ0Xc/om57892Q7sRSrex0wujOL2Q==
    dependencies:
      "@vue/compiler-dom" "3.2.32"
      "@vue/shared" "3.2.32"
  
  "@vue/devtools-api@^6.0.0-beta.7":
    version "6.1.4"
    resolved "https://registry.yarnpkg.com/@vue/devtools-api/-/devtools-api-6.1.4.tgz#b4aec2f4b4599e11ba774a50c67fa378c9824e53"
    integrity sha512-IiA0SvDrJEgXvVxjNkHPFfDx6SXw0b/TUkqMcDZWNg9fnCAHbTpoo59YfJ9QLFkwa3raau5vSlRVzMSLDnfdtQ==
  
  "@vue/reactivity-transform@3.2.31":
    version "3.2.31"
    resolved "https://registry.yarnpkg.com/@vue/reactivity-transform/-/reactivity-transform-3.2.31.tgz#0f5b25c24e70edab2b613d5305c465b50fc00911"
    integrity sha512-uS4l4z/W7wXdI+Va5pgVxBJ345wyGFKvpPYtdSgvfJfX/x2Ymm6ophQlXXB6acqGHtXuBqNyyO3zVp9b1r0MOA==
    dependencies:
      "@babel/parser" "^7.16.4"
      "@vue/compiler-core" "3.2.31"
      "@vue/shared" "3.2.31"
      estree-walker "^2.0.2"
      magic-string "^0.25.7"
  
  "@vue/reactivity-transform@3.2.32":
    version "3.2.32"
    resolved "https://registry.yarnpkg.com/@vue/reactivity-transform/-/reactivity-transform-3.2.32.tgz#974fd2a1e682e962fbc5840be8432ac4ab8650d3"
    integrity sha512-CW1W9zaJtE275tZSWIfQKiPG0iHpdtSlmTqYBu7Y62qvtMgKG5yOxtvBs4RlrZHlaqFSE26avLAgQiTp4YHozw==
    dependencies:
      "@babel/parser" "^7.16.4"
      "@vue/compiler-core" "3.2.32"
      "@vue/shared" "3.2.32"
      estree-walker "^2.0.2"
      magic-string "^0.25.7"
  
  "@vue/reactivity@3.2.31":
    version "3.2.31"
    resolved "https://registry.yarnpkg.com/@vue/reactivity/-/reactivity-3.2.31.tgz#fc90aa2cdf695418b79e534783aca90d63a46bbd"
    integrity sha512-HVr0l211gbhpEKYr2hYe7hRsV91uIVGFYNHj73njbARVGHQvIojkImKMaZNDdoDZOIkMsBc9a1sMqR+WZwfSCw==
    dependencies:
      "@vue/shared" "3.2.31"
  
  "@vue/reactivity@3.2.32":
    version "3.2.32"
    resolved "https://registry.yarnpkg.com/@vue/reactivity/-/reactivity-3.2.32.tgz#a859c8ab28a297d14a46cbd450bf70b3f6f87fac"
    integrity sha512-4zaDumuyDqkuhbb63hRd+YHFGopW7srFIWesLUQ2su/rJfWrSq3YUvoKAJE8Eu1EhZ2Q4c1NuwnEreKj1FkDxA==
    dependencies:
      "@vue/shared" "3.2.32"
  
  "@vue/runtime-core@3.2.31":
    version "3.2.31"
    resolved "https://registry.yarnpkg.com/@vue/runtime-core/-/runtime-core-3.2.31.tgz#9d284c382f5f981b7a7b5971052a1dc4ef39ac7a"
    integrity sha512-Kcog5XmSY7VHFEMuk4+Gap8gUssYMZ2+w+cmGI6OpZWYOEIcbE0TPzzPHi+8XTzAgx1w/ZxDFcXhZeXN5eKWsA==
    dependencies:
      "@vue/reactivity" "3.2.31"
      "@vue/shared" "3.2.31"
  
  "@vue/runtime-core@3.2.32":
    version "3.2.32"
    resolved "https://registry.yarnpkg.com/@vue/runtime-core/-/runtime-core-3.2.32.tgz#8f8875dc032f99991bafb72070327ae5584a08dd"
    integrity sha512-uKKzK6LaCnbCJ7rcHvsK0azHLGpqs+Vi9B28CV1mfWVq1F3Bj8Okk3cX+5DtD06aUh4V2bYhS2UjjWiUUKUF0w==
    dependencies:
      "@vue/reactivity" "3.2.32"
      "@vue/shared" "3.2.32"
  
  "@vue/runtime-dom@3.2.31":
    version "3.2.31"
    resolved "https://registry.yarnpkg.com/@vue/runtime-dom/-/runtime-dom-3.2.31.tgz#79ce01817cb3caf2c9d923f669b738d2d7953eff"
    integrity sha512-N+o0sICVLScUjfLG7u9u5XCjvmsexAiPt17GNnaWHJUfsKed5e85/A3SWgKxzlxx2SW/Hw7RQxzxbXez9PtY3g==
    dependencies:
      "@vue/runtime-core" "3.2.31"
      "@vue/shared" "3.2.31"
      csstype "^2.6.8"
  
  "@vue/runtime-dom@3.2.32":
    version "3.2.32"
    resolved "https://registry.yarnpkg.com/@vue/runtime-dom/-/runtime-dom-3.2.32.tgz#53a8be5c9d72105faf4d11d10202063e9a29c39c"
    integrity sha512-AmlIg+GPqjkNoADLjHojEX5RGcAg+TsgXOOcUrtDHwKvA8mO26EnLQLB8nylDjU6AMJh2CIYn8NEgyOV5ZIScQ==
    dependencies:
      "@vue/runtime-core" "3.2.32"
      "@vue/shared" "3.2.32"
      csstype "^2.6.8"
  
  "@vue/server-renderer@3.2.31":
    version "3.2.31"
    resolved "https://registry.yarnpkg.com/@vue/server-renderer/-/server-renderer-3.2.31.tgz#201e9d6ce735847d5989403af81ef80960da7141"
    integrity sha512-8CN3Zj2HyR2LQQBHZ61HexF5NReqngLT3oahyiVRfSSvak+oAvVmu8iNLSu6XR77Ili2AOpnAt1y8ywjjqtmkg==
    dependencies:
      "@vue/compiler-ssr" "3.2.31"
      "@vue/shared" "3.2.31"
  
  "@vue/server-renderer@3.2.32":
    version "3.2.32"
    resolved "https://registry.yarnpkg.com/@vue/server-renderer/-/server-renderer-3.2.32.tgz#432e0cb766feabe3b97956ae37b8f75c239f2c37"
    integrity sha512-TYKpZZfRJpGTTiy/s6bVYwQJpAUx3G03z4G7/3O18M11oacrMTVHaHjiPuPqf3xQtY8R4LKmQ3EOT/DRCA/7Wg==
    dependencies:
      "@vue/compiler-ssr" "3.2.32"
      "@vue/shared" "3.2.32"
  
  "@vue/shared@3.2.31":
    version "3.2.31"
    resolved "https://registry.yarnpkg.com/@vue/shared/-/shared-3.2.31.tgz#c90de7126d833dcd3a4c7534d534be2fb41faa4e"
    integrity sha512-ymN2pj6zEjiKJZbrf98UM2pfDd6F2H7ksKw7NDt/ZZ1fh5Ei39X5tABugtT03ZRlWd9imccoK0hE8hpjpU7irQ==
  
  "@vue/shared@3.2.32":
    version "3.2.32"
    resolved "https://registry.yarnpkg.com/@vue/shared/-/shared-3.2.32.tgz#1ca0c3b8c03a5e24129156e171df736b2c1d645f"
    integrity sha512-bjcixPErUsAnTQRQX4Z5IQnICYjIfNCyCl8p29v1M6kfVzvwOICPw+dz48nNuWlTOOx2RHhzHdazJibE8GSnsw==
  
  "@vueuse/core@^8.2.3":
    version "8.2.4"
    resolved "https://registry.yarnpkg.com/@vueuse/core/-/core-8.2.4.tgz#04159d28267e56fd27488de116e465d0b12b48ac"
    integrity sha512-K8DbVLErlHMnEOqy67BrRbDmWCd4Z9X0a1dL6fQdhABLXBydy69Tm7uF5ZUotAqib9sskItYFsAnLhvGSue6bg==
    dependencies:
      "@vueuse/metadata" "8.2.4"
      "@vueuse/shared" "8.2.4"
      vue-demi "*"
  
  "@vueuse/metadata@8.2.4":
    version "8.2.4"
    resolved "https://registry.yarnpkg.com/@vueuse/metadata/-/metadata-8.2.4.tgz#a880aa1ba1e30850983a85de8e1a6295d798250e"
    integrity sha512-mn4FLULZAHd6r6vo5hLz+99xzwlVDP9qeVtZGV2Ik40m0zETe2okUr3O1Yoz6FReUoc7KAPrf0/GFpWEXVDAnQ==
  
  "@vueuse/shared@8.2.4":
    version "8.2.4"
    resolved "https://registry.yarnpkg.com/@vueuse/shared/-/shared-8.2.4.tgz#a5b3bb53596c802df2181a3a0095e9782383be32"
    integrity sha512-sLkuZMEumsmEDYie3m6/nrk7SrLGlyUgtVn/0EJZ8Chaj1YfSmBQuLxNE0ruQ/6VZlqkx44jEZxcgbU7qPyAiw==
    dependencies:
      vue-demi "*"
  
  acorn-jsx@^5.2.0:
    version "5.3.2"
    resolved "https://registry.yarnpkg.com/acorn-jsx/-/acorn-jsx-5.3.2.tgz#7ed5bb55908b3b2f1bc55c6af1653bada7f07937"
    integrity sha512-rq9s+JNhf0IChjtDXxllJ7g41oZk5SlXtp0LHwyA5cejwn7vKmKp4pPri6YEePv2PU65sAsegbXtIinmDFDXgQ==
  
  acorn@^7.1.1, acorn@^7.4.1:
    version "7.4.1"
    resolved "https://registry.yarnpkg.com/acorn/-/acorn-7.4.1.tgz#feaed255973d2e77555b83dbc08851a6c63520fa"
    integrity sha512-nQyp0o1/mNdbTO1PO6kHkwSrmgZ0MT/jCCpNiwbUjGoRN4dlBhqJtoQuCnEOKzgTVwg0ZWiCoQy6SxMebQVh8A==
  
  ansi-styles@^3.2.1:
    version "3.2.1"
    resolved "https://registry.yarnpkg.com/ansi-styles/-/ansi-styles-3.2.1.tgz#41fbb20243e50b12be0f04b8dedbf07520ce841d"
    integrity sha512-VT0ZI6kZRdTh8YyJw3SMbYm/u+NqfsAxEpWO0Pf9sq8/e94WxxOpPKx9FR1FlyCtOVDNOQ+8ntlqFxiRc+r5qA==
    dependencies:
      color-convert "^1.9.0"
  
  apexcharts@^3.33.0:
    version "3.35.0"
    resolved "https://registry.yarnpkg.com/apexcharts/-/apexcharts-3.35.0.tgz#5571f4852747359b7ef76662998f3d6a8ffe923a"
    integrity sha512-oipJRkaxt8DPGRmn1kur6aPzML1JSpf2M3ecu+gyw+8xiNmT2C0p1uuuqPZrk+Lr2hmDxzNBPR7TvxwRl3ozgw==
    dependencies:
      svg.draggable.js "^2.2.2"
      svg.easing.js "^2.0.0"
      svg.filter.js "^2.0.2"
      svg.pathmorphing.js "^0.1.3"
      svg.resize.js "^1.4.3"
      svg.select.js "^3.0.1"
  
  argparse@^2.0.1:
    version "2.0.1"
    resolved "https://registry.yarnpkg.com/argparse/-/argparse-2.0.1.tgz#246f50f3ca78a3240f6c997e8a9bd1eac49e4b38"
    integrity sha512-8+9WqebbFzpX9OR+Wa6O29asIogeRMzcGtAINdpMHHyAg10f05aSFVBbcEqGf/PXw1EjAZ+q2/bEBg3DvurK3Q==
  
  async-validator@^4.0.7:
    version "4.0.7"
    resolved "https://registry.yarnpkg.com/async-validator/-/async-validator-4.0.7.tgz#034a0fd2103a6b2ebf010da75183bec299247afe"
    integrity sha512-Pj2IR7u8hmUEDOwB++su6baaRi+QvsgajuFB9j95foM1N2gy5HM4z60hfusIO0fBPG5uLAEl6yCJr1jNSVugEQ==
  
  braces@^3.0.2:
    version "3.0.2"
    resolved "https://registry.yarnpkg.com/braces/-/braces-3.0.2.tgz#3454e1a462ee8d599e236df336cd9ea4f8afe107"
    integrity sha512-b8um+L1RzM3WDSzvhm6gIz1yfTbBt6YTlcEKAvsmqCZZFw46z626lVj9j1yEPW33H5H+lBQpZMP1k8l+78Ha0A==
    dependencies:
      fill-range "^7.0.1"
  
  browserslist@^4.17.5:
    version "4.20.2"
    resolved "https://registry.yarnpkg.com/browserslist/-/browserslist-4.20.2.tgz#567b41508757ecd904dab4d1c646c612cd3d4f88"
    integrity sha512-CQOBCqp/9pDvDbx3xfMi+86pr4KXIf2FDkTTdeuYw8OxS9t898LA1Khq57gtufFILXpfgsSx5woNgsBgvGjpsA==
    dependencies:
      caniuse-lite "^1.0.30001317"
      electron-to-chromium "^1.4.84"
      escalade "^3.1.1"
      node-releases "^2.0.2"
      picocolors "^1.0.0"
  
  caniuse-lite@^1.0.30001317:
    version "1.0.30001327"
    resolved "https://registry.yarnpkg.com/caniuse-lite/-/caniuse-lite-1.0.30001327.tgz#c1546d7d7bb66506f0ccdad6a7d07fc6d668c858"
    integrity sha512-1/Cg4jlD9qjZzhbzkzEaAC2JHsP0WrOc8Rd/3a3LuajGzGWR/hD7TVyvq99VqmTy99eVh8Zkmdq213OgvgXx7w==
  
  chalk@^2.0.0:
    version "2.4.2"
    resolved "https://registry.yarnpkg.com/chalk/-/chalk-2.4.2.tgz#cd42541677a54333cf541a49108c1432b44c9424"
    integrity sha512-Mti+f9lpJNcwF4tWV8/OrTTtF1gZi+f8FqlyAdouralcFWFQWF2+NgCHShjkCb+IFBLq9buZwE1xckQU4peSuQ==
    dependencies:
      ansi-styles "^3.2.1"
      escape-string-regexp "^1.0.5"
      supports-color "^5.3.0"
  
  clipboard@^2.0.8:
    version "2.0.10"
    resolved "https://registry.yarnpkg.com/clipboard/-/clipboard-2.0.10.tgz#e61f6f7139ac5044c58c0484dcac9fb2a918bfd6"
    integrity sha512-cz3m2YVwFz95qSEbCDi2fzLN/epEN9zXBvfgAoGkvGOJZATMl9gtTDVOtBYkx2ODUJl2kvmud7n32sV2BpYR4g==
    dependencies:
      good-listener "^1.2.2"
      select "^1.1.2"
      tiny-emitter "^2.0.0"
  
  color-convert@^1.9.0:
    version "1.9.3"
    resolved "https://registry.yarnpkg.com/color-convert/-/color-convert-1.9.3.tgz#bb71850690e1f136567de629d2d5471deda4c1e8"
    integrity sha512-QfAUtd+vFdAtFQcC8CCyYt1fYWxSqAiK2cSD6zDB8N3cpsEBAvRxp9zOGg6G/SHHJYAT88/az/IuDGALsNVbGg==
    dependencies:
      color-name "1.1.3"
  
  color-name@1.1.3:
    version "1.1.3"
    resolved "https://registry.yarnpkg.com/color-name/-/color-name-1.1.3.tgz#a7d0558bd89c42f795dd42328f740831ca53bc25"
    integrity sha1-p9BVi9icQveV3UIyj3QIMcpTvCU=
  
  convert-source-map@^1.7.0:
    version "1.8.0"
    resolved "https://registry.yarnpkg.com/convert-source-map/-/convert-source-map-1.8.0.tgz#f3373c32d21b4d780dd8004514684fb791ca4369"
    integrity sha512-+OQdjP49zViI/6i7nIJpA8rAl4sV/JdPfU9nZs3VqOwGIgizICvuN2ru6fMd+4llL0tar18UYJXfZ/TWtmhUjA==
    dependencies:
      safe-buffer "~5.1.1"
  
  csstype@^2.6.8:
    version "2.6.20"
    resolved "https://registry.yarnpkg.com/csstype/-/csstype-2.6.20.tgz#9229c65ea0b260cf4d3d997cb06288e36a8d6dda"
    integrity sha512-/WwNkdXfckNgw6S5R125rrW8ez139lBHWouiBvX8dfMFtcn6V81REDqnH7+CRpRipfYlyU1CmOnOxrmGcFOjeA==
  
  dayjs@^1.11.0:
    version "1.11.0"
    resolved "https://registry.yarnpkg.com/dayjs/-/dayjs-1.11.0.tgz#009bf7ef2e2ea2d5db2e6583d2d39a4b5061e805"
    integrity sha512-JLC809s6Y948/FuCZPm5IX8rRhQwOiyMb2TfVVQEixG7P8Lm/gt5S7yoQZmC8x1UehI9Pb7sksEt4xx14m+7Ug==
  
  debug@^4.1.0, debug@^4.3.1:
    version "4.3.4"
    resolved "https://registry.yarnpkg.com/debug/-/debug-4.3.4.tgz#1319f6579357f2338d3337d2cdd4914bb5dcc865"
    integrity sha512-PRWFHuSU3eDtQJPvnNY7Jcket1j0t5OuOsFzPPzsekD52Zl8qUfFIPEiswXqIvHWGVHOgX+7G/vCNNhehwxfkQ==
    dependencies:
      ms "2.1.2"
  
  delegate@^3.1.2:
    version "3.2.0"
    resolved "https://registry.yarnpkg.com/delegate/-/delegate-3.2.0.tgz#b66b71c3158522e8ab5744f720d8ca0c2af59166"
    integrity sha512-IofjkYBZaZivn0V8nnsMJGBr4jVLxHDheKSW88PyxS5QC4Vo9ZbZVvhzlSxY87fVq3STR6r+4cGepyHkcWOQSw==
  
  electron-to-chromium@^1.4.84:
    version "1.4.106"
    resolved "https://registry.yarnpkg.com/electron-to-chromium/-/electron-to-chromium-1.4.106.tgz#e7a3bfa9d745dd9b9e597616cb17283cc349781a"
    integrity sha512-ZYfpVLULm67K7CaaGP7DmjyeMY4naxsbTy+syVVxT6QHI1Ww8XbJjmr9fDckrhq44WzCrcC5kH3zGpdusxwwqg==
  
  element-plus@^2.0.1:
    version "2.1.8"
    resolved "https://registry.yarnpkg.com/element-plus/-/element-plus-2.1.8.tgz#4480e47ae6e7c86763cc0cf383e86f749f748526"
    integrity sha512-hwFtzw0R5lKMhWf3oVvSU/ucfN8RiY8DRaRWo6LktX4RlWWA2QjKfDXtISBi5Rb303Ny4I0Sgz0CA1Fd4Z2GGg==
    dependencies:
      "@ctrl/tinycolor" "^3.4.0"
      "@element-plus/icons-vue" "^1.1.4"
      "@floating-ui/dom" "^0.4.2"
      "@popperjs/core" "^2.11.4"
      "@vueuse/core" "^8.2.3"
      async-validator "^4.0.7"
      dayjs "^1.11.0"
      escape-html "^1.0.3"
      lodash "^4.17.21"
      lodash-es "^4.17.21"
      lodash-unified "^1.0.2"
      memoize-one "^6.0.0"
      normalize-wheel-es "^1.1.2"
  
  esbuild-android-64@0.14.31:
    version "0.14.31"
    resolved "https://registry.yarnpkg.com/esbuild-android-64/-/esbuild-android-64-0.14.31.tgz#4b7dfbbeee62b3495ba78220b85fb590eb68d5bf"
    integrity sha512-MYkuJ91w07nGmr4EouejOZK2j/f5TCnsKxY8vRr2+wpKKfHD1LTJK28VbZa+y1+AL7v1V9G98ezTUwsV3CmXNw==
  
  esbuild-android-arm64@0.14.31:
    version "0.14.31"
    resolved "https://registry.yarnpkg.com/esbuild-android-arm64/-/esbuild-android-arm64-0.14.31.tgz#24c3d693924e044fb0d23206c3e627502b10b930"
    integrity sha512-0rkH/35s7ZVcsw6nS0IAkR0dekSbjZGWdlOAf3jV0lGoPqqw0x6/TmaV9w7DQgUERTH1ApmPlpAMU4kVkCq9Jg==
  
  esbuild-darwin-64@0.14.31:
    version "0.14.31"
    resolved "https://registry.yarnpkg.com/esbuild-darwin-64/-/esbuild-darwin-64-0.14.31.tgz#285fbdb6dc74d4410f43dee59e6a14ebff82a9d7"
    integrity sha512-kP6xPZHxtJa36Hb0jC05L3VzQSZBW2f3bpnQS20czXTRGEmM2GDiYpGdI5g2QYaw6vC4PYXjnigq8usd9g9jnQ==
  
  esbuild-darwin-arm64@0.14.31:
    version "0.14.31"
    resolved "https://registry.yarnpkg.com/esbuild-darwin-arm64/-/esbuild-darwin-arm64-0.14.31.tgz#b39c471a8134ce2c7811eb96fab9c500b256261c"
    integrity sha512-1ZMog4hkNsdBGtDDtsftUqX6S9N52gEx4vX5aVehsSptgoBFIar1XrPiBTQty7YNH+bJasTpSVaZQgElCVvPKQ==
  
  esbuild-freebsd-64@0.14.31:
    version "0.14.31"
    resolved "https://registry.yarnpkg.com/esbuild-freebsd-64/-/esbuild-freebsd-64-0.14.31.tgz#7ca700ef60ae12154bae63094ad41b21c6ae1a23"
    integrity sha512-Zo0BYj7QpVFWoUpkv6Ng0RO2eJ4zk/WDaHMO88+jr5HuYmxsOre0imgwaZVPquTuJnCvL1G48BFucJ3tFflSeQ==
  
  esbuild-freebsd-arm64@0.14.31:
    version "0.14.31"
    resolved "https://registry.yarnpkg.com/esbuild-freebsd-arm64/-/esbuild-freebsd-arm64-0.14.31.tgz#f793085c7184fcd08649b8d185edc5c2ce112e82"
    integrity sha512-t85bS6jbRpmdjr4pdr/FY/fpx8lo1vv9S7BAs2EsXKJQhRDMIiC3QW+k2acYJoRuqirlvJcJVFQGCq/PfyC1kA==
  
  esbuild-linux-32@0.14.31:
    version "0.14.31"
    resolved "https://registry.yarnpkg.com/esbuild-linux-32/-/esbuild-linux-32-0.14.31.tgz#cac97ec7da6fbde0c21dbe08babd0d2a034f317d"
    integrity sha512-XYtOk/GodSkv+UOYVwryGpGPuFnszsMvRMKq6cIUfFfdssHuKDsU9IZveyCG44J106J39ABenQ5EetbYtVJHUw==
  
  esbuild-linux-64@0.14.31:
    version "0.14.31"
    resolved "https://registry.yarnpkg.com/esbuild-linux-64/-/esbuild-linux-64-0.14.31.tgz#ec94cd5228e6777d2feb3c24a1fe1cbf8817d6da"
    integrity sha512-Zf9CZxAxaXWHLqCg/QZ/hs0RU0XV3IBxV+ENQzy00S4QOTnZAvSLgPciILHHrVJ0lPIlb4XzAqlLM5y6iI2LIw==
  
  esbuild-linux-arm64@0.14.31:
    version "0.14.31"
    resolved "https://registry.yarnpkg.com/esbuild-linux-arm64/-/esbuild-linux-arm64-0.14.31.tgz#d119188fccd6384db5c703de24c46dacaee3e9e8"
    integrity sha512-V/H0tv+xpQ9IOHM+o85oCKNNidIEc5CcnDWl0V+hPd2F03dqdbFkWPBGphx8rD4JSQn6UefUQ1iH7y1qIzO8Fw==
  
  esbuild-linux-arm@0.14.31:
    version "0.14.31"
    resolved "https://registry.yarnpkg.com/esbuild-linux-arm/-/esbuild-linux-arm-0.14.31.tgz#63e10846886901e5632a591d44160f95c5d12ba7"
    integrity sha512-RpiaeHPRlgCCDskxoyIsI49BhcDtZ4cl8+SLffizDm0yMNWP538SUg0ezQ2TTOPj3/svaGIbkRDwYtAon0Sjkg==
  
  esbuild-linux-mips64le@0.14.31:
    version "0.14.31"
    resolved "https://registry.yarnpkg.com/esbuild-linux-mips64le/-/esbuild-linux-mips64le-0.14.31.tgz#1cd44f72cde6489a5d6deea7c54efa6f3d6590ee"
    integrity sha512-9/oBfAckInRuUg6AEgdCLLn6KJ6UOJDOLmUinTsReVSg6AfV6wxYQJq9iQM2idRogP7GUpomJ+bvCdWXpotQRQ==
  
  esbuild-linux-ppc64le@0.14.31:
    version "0.14.31"
    resolved "https://registry.yarnpkg.com/esbuild-linux-ppc64le/-/esbuild-linux-ppc64le-0.14.31.tgz#3b5ccc05e5b8ef5c494f30a61fdd27811d2bbeeb"
    integrity sha512-NMcb14Pg+8q8raGkzor9/R3vQwKzgxE3694BtO2SDLBwJuL2C1dQ1ZtM1t7ZvArQBgT8RiZVxb0/3fD+qGNk7g==
  
  esbuild-linux-riscv64@0.14.31:
    version "0.14.31"
    resolved "https://registry.yarnpkg.com/esbuild-linux-riscv64/-/esbuild-linux-riscv64-0.14.31.tgz#d74ca78c8ed1d9b40bc907a9e3ef6e83fc06189c"
    integrity sha512-l13yvmsVfawAnoYfcpuvml+nTlrOmtdceXYufSkXl2DOb0JKcuR6ARlAzuQCDcpo49SOJy1cCxpwlOIsUQBfzA==
  
  esbuild-linux-s390x@0.14.31:
    version "0.14.31"
    resolved "https://registry.yarnpkg.com/esbuild-linux-s390x/-/esbuild-linux-s390x-0.14.31.tgz#1bd547b8b027e323b77a838d265cb56ece2543af"
    integrity sha512-GIwV9mY3koYja9MCSkKLk1P7rj+MkPV0UsGsZ575hEcIBrXeKN9jBi6X/bxDDPEN/SUAH35cJhBNrZU4x9lEfg==
  
  esbuild-netbsd-64@0.14.31:
    version "0.14.31"
    resolved "https://registry.yarnpkg.com/esbuild-netbsd-64/-/esbuild-netbsd-64-0.14.31.tgz#964a45dbad4fac92aa0a15056e38a182735bd6c6"
    integrity sha512-bJ+pyLvKQm+Obp5k7/Wk8e9Gdkls56F1aiI3uptoIfOIUqsZImH7pDyTrSufwqsFp62kO9LRuwXnjDwQtPyhFQ==
  
  esbuild-openbsd-64@0.14.31:
    version "0.14.31"
    resolved "https://registry.yarnpkg.com/esbuild-openbsd-64/-/esbuild-openbsd-64-0.14.31.tgz#7d2a1d46450321b0459263d3e7072e6d3924ce46"
    integrity sha512-NRAAPPca05H9j9Xab0kVXK0V6/pyZGGy8d2Y8KS0BMwWEydlD4KCJDmH8/7bWCKYLRGOOCE9/GPBJyPWHFW3sg==
  
  esbuild-sunos-64@0.14.31:
    version "0.14.31"
    resolved "https://registry.yarnpkg.com/esbuild-sunos-64/-/esbuild-sunos-64-0.14.31.tgz#3b3e4363951cd1dda14a14fee6d94ca426108e0c"
    integrity sha512-9uA+V8w9Eehu4ldb95lPWdgCMcMO5HH6pXmfkk5usn3JsSZxKdLKsXB4hYgP80wscZvVYXJl2G+KNxsUTfPhZw==
  
  esbuild-windows-32@0.14.31:
    version "0.14.31"
    resolved "https://registry.yarnpkg.com/esbuild-windows-32/-/esbuild-windows-32-0.14.31.tgz#997026a41c04535bfb7c014a0458940b49145820"
    integrity sha512-VGdncQTqoxD9q3v/dk0Yugbmx2FzOkcs0OemBYc1X9KXOLQYH0uQbLJIckZdZOC3J+JKSExbYFrzYCOwWPuNyA==
  
  esbuild-windows-64@0.14.31:
    version "0.14.31"
    resolved "https://registry.yarnpkg.com/esbuild-windows-64/-/esbuild-windows-64-0.14.31.tgz#5d4b0ea686c9b60036303b3415c472f2761bdafc"
    integrity sha512-v/2ye5zBqpmCzi3bLCagStbNQlnOsY7WtMrD2Q0xZxeSIXONxji15KYtVee5o7nw4lXWbQSS1BL8G6BBMvtq4A==
  
  esbuild-windows-arm64@0.14.31:
    version "0.14.31"
    resolved "https://registry.yarnpkg.com/esbuild-windows-arm64/-/esbuild-windows-arm64-0.14.31.tgz#4f3b9fc34c4a33abbd0171df6cbb657ccbdbfc67"
    integrity sha512-RXeU42FJoG1sriNHg73h4S+5B7L/gw+8T7U9u8IWqSSEbY6fZvBh4uofugiU1szUDqqP00GHwZ09WgYe3lGZiw==
  
  esbuild@^0.14.27:
    version "0.14.31"
    resolved "https://registry.yarnpkg.com/esbuild/-/esbuild-0.14.31.tgz#f7d0db114edc615f66d84972ee9fbd2b267f4029"
    integrity sha512-QA0fUM13+JZzcvg1bdrhi7wo8Lr5IRHA9ypNn2znqxGqb66dSK6pAh01TjyBOhzZGazPQJZ1K26VrCAQJ715qA==
    optionalDependencies:
      esbuild-android-64 "0.14.31"
      esbuild-android-arm64 "0.14.31"
      esbuild-darwin-64 "0.14.31"
      esbuild-darwin-arm64 "0.14.31"
      esbuild-freebsd-64 "0.14.31"
      esbuild-freebsd-arm64 "0.14.31"
      esbuild-linux-32 "0.14.31"
      esbuild-linux-64 "0.14.31"
      esbuild-linux-arm "0.14.31"
      esbuild-linux-arm64 "0.14.31"
      esbuild-linux-mips64le "0.14.31"
      esbuild-linux-ppc64le "0.14.31"
      esbuild-linux-riscv64 "0.14.31"
      esbuild-linux-s390x "0.14.31"
      esbuild-netbsd-64 "0.14.31"
      esbuild-openbsd-64 "0.14.31"
      esbuild-sunos-64 "0.14.31"
      esbuild-windows-32 "0.14.31"
      esbuild-windows-64 "0.14.31"
      esbuild-windows-arm64 "0.14.31"
  
  escalade@^3.1.1:
    version "3.1.1"
    resolved "https://registry.yarnpkg.com/escalade/-/escalade-3.1.1.tgz#d8cfdc7000965c5a0174b4a82eaa5c0552742e40"
    integrity sha512-k0er2gUkLf8O0zKJiAhmkTnJlTvINGv7ygDNPbeIsX/TJjGJZHuh9B2UxbsaEkmlEo9MfhrSzmhIlhRlI2GXnw==
  
  escape-html@^1.0.3:
    version "1.0.3"
    resolved "https://registry.yarnpkg.com/escape-html/-/escape-html-1.0.3.tgz#0258eae4d3d0c0974de1c169188ef0051d1d1988"
    integrity sha1-Aljq5NPQwJdN4cFpGI7wBR0dGYg=
  
  escape-string-regexp@^1.0.5:
    version "1.0.5"
    resolved "https://registry.yarnpkg.com/escape-string-regexp/-/escape-string-regexp-1.0.5.tgz#1b61c0562190a8dff6ae3bb2cf0200ca130b86d4"
    integrity sha1-G2HAViGQqN/2rjuyzwIAyhMLhtQ=
  
  eslint-utils@^2.1.0:
    version "2.1.0"
    resolved "https://registry.yarnpkg.com/eslint-utils/-/eslint-utils-2.1.0.tgz#d2de5e03424e707dc10c74068ddedae708741b27"
    integrity sha512-w94dQYoauyvlDc43XnGB8lU3Zt713vNChgt4EWwhXAP2XkBvndfxF0AgIqKOOasjPIPzj9JqgwkwbCYD0/V3Zg==
    dependencies:
      eslint-visitor-keys "^1.1.0"
  
  eslint-visitor-keys@^1.1.0, eslint-visitor-keys@^1.3.0:
    version "1.3.0"
    resolved "https://registry.yarnpkg.com/eslint-visitor-keys/-/eslint-visitor-keys-1.3.0.tgz#30ebd1ef7c2fdff01c3a4f151044af25fab0523e"
    integrity sha512-6J72N8UNa462wa/KFODt/PJ3IU60SDpC3QXC1Hjc1BXXpfL2C9R5+AU7jhe0F6GREqVMh4Juu+NY7xn+6dipUQ==
  
  espree@^6.0.0:
    version "6.2.1"
    resolved "https://registry.yarnpkg.com/espree/-/espree-6.2.1.tgz#77fc72e1fd744a2052c20f38a5b575832e82734a"
    integrity sha512-ysCxRQY3WaXJz9tdbWOwuWr5Y/XrPTGX9Kiz3yoUXwW0VZ4w30HTkQLaGx/+ttFjF8i+ACbArnB4ce68a9m5hw==
    dependencies:
      acorn "^7.1.1"
      acorn-jsx "^5.2.0"
      eslint-visitor-keys "^1.1.0"
  
  estree-walker@^2.0.1, estree-walker@^2.0.2:
    version "2.0.2"
    resolved "https://registry.yarnpkg.com/estree-walker/-/estree-walker-2.0.2.tgz#52f010178c2a4c117a7757cfe942adb7d2da4cac"
    integrity sha512-Rfkk/Mp/DL7JVje3u18FxFujQlTNR2q6QfMSMB7AvCBx91NGj/ba3kCfza0f6dVDbw7YlRf/nDrn7pQrCCyQ/w==
  
  fast-glob@^3.2.5:
    version "3.2.11"
    resolved "https://registry.yarnpkg.com/fast-glob/-/fast-glob-3.2.11.tgz#a1172ad95ceb8a16e20caa5c5e56480e5129c1d9"
    integrity sha512-xrO3+1bxSo3ZVHAnqzyuewYT6aMFHRAd4Kcs92MAonjwQZLsK9d0SF1IyQ3k5PoirxTW0Oe/RqFgMQ6TcNE5Ew==
    dependencies:
      "@nodelib/fs.stat" "^2.0.2"
      "@nodelib/fs.walk" "^1.2.3"
      glob-parent "^5.1.2"
      merge2 "^1.3.0"
      micromatch "^4.0.4"
  
  fastq@^1.6.0:
    version "1.13.0"
    resolved "https://registry.yarnpkg.com/fastq/-/fastq-1.13.0.tgz#616760f88a7526bdfc596b7cab8c18938c36b98c"
    integrity sha512-YpkpUnK8od0o1hmeSc7UUs/eB/vIPWJYjKck2QKIzAf71Vm1AAQ3EbuZB3g2JIy+pg+ERD0vqI79KyZiB2e2Nw==
    dependencies:
      reusify "^1.0.4"
  
  fill-range@^7.0.1:
    version "7.0.1"
    resolved "https://registry.yarnpkg.com/fill-range/-/fill-range-7.0.1.tgz#1919a6a7c75fe38b2c7c77e5198535da9acdda40"
    integrity sha512-qOo9F+dMUmC2Lcb4BbVvnKJxTPjCm+RRpe4gDuGrzkL7mEVl/djYSu2OdQ2Pa302N4oqkSg9ir6jaLWJ2USVpQ==
    dependencies:
      to-regex-range "^5.0.1"
  
  fsevents@~2.3.2:
    version "2.3.2"
    resolved "https://registry.yarnpkg.com/fsevents/-/fsevents-2.3.2.tgz#8a526f78b8fdf4623b709e0b975c52c24c02fd1a"
    integrity sha512-xiqMQR4xAeHTuB9uWm+fFRcIOgKBMiOBP+eXiyT7jsgVCq1bkVygt00oASowB7EdtpOHaaPgKt812P9ab+DDKA==
  
  function-bind@^1.1.1:
    version "1.1.1"
    resolved "https://registry.yarnpkg.com/function-bind/-/function-bind-1.1.1.tgz#a56899d3ea3c9bab874bb9773b7c5ede92f4895d"
    integrity sha512-yIovAzMX49sF8Yl58fSCWJ5svSLuaibPxXQJFLmBObTuCr0Mf1KiPopGM9NiFjiYBCbfaa2Fh6breQ6ANVTI0A==
  
  gensync@^1.0.0-beta.2:
    version "1.0.0-beta.2"
    resolved "https://registry.yarnpkg.com/gensync/-/gensync-1.0.0-beta.2.tgz#32a6ee76c3d7f52d46b2b1ae5d93fea8580a25e0"
    integrity sha512-3hN7NaskYvMDLQY55gnW3NQ+mesEAepTqlg+VEbj7zzqEMBVNhzcGYYeqFo/TlYz6eQiFcp1HcsCZO+nGgS8zg==
  
  glob-parent@^5.1.2:
    version "5.1.2"
    resolved "https://registry.yarnpkg.com/glob-parent/-/glob-parent-5.1.2.tgz#869832c58034fe68a4093c17dc15e8340d8401c4"
    integrity sha512-AOIgSQCepiJYwP3ARnGx+5VnTu2HBYdzbGP45eLw1vr3zB3vZLeyed1sC9hnbcOc9/SrMyM5RPQrkGz4aS9Zow==
    dependencies:
      is-glob "^4.0.1"
  
  globals@^11.1.0:
    version "11.12.0"
    resolved "https://registry.yarnpkg.com/globals/-/globals-11.12.0.tgz#ab8795338868a0babd8525758018c2a7eb95c42e"
    integrity sha512-WOBp/EEGUiIsJSp7wcv/y6MO+lV9UoncWqxuFfm8eBwzWNgyfBd6Gz+IeKQ9jCmyhoH99g15M3T+QaVHFjizVA==
  
  good-listener@^1.2.2:
    version "1.2.2"
    resolved "https://registry.yarnpkg.com/good-listener/-/good-listener-1.2.2.tgz#d53b30cdf9313dffb7dc9a0d477096aa6d145c50"
    integrity sha1-1TswzfkxPf+33JoNR3CWqm0UXFA=
    dependencies:
      delegate "^3.1.2"
  
  has-flag@^3.0.0:
    version "3.0.0"
    resolved "https://registry.yarnpkg.com/has-flag/-/has-flag-3.0.0.tgz#b5d454dc2199ae225699f3467e5a07f3b955bafd"
    integrity sha1-tdRU3CGZriJWmfNGfloH87lVuv0=
  
  has@^1.0.3:
    version "1.0.3"
    resolved "https://registry.yarnpkg.com/has/-/has-1.0.3.tgz#722d7cbfc1f6aa8241f16dd814e011e1f41e8796"
    integrity sha512-f2dvO0VU6Oej7RkWJGrehjbzMAjFp5/VKPp5tTpWIV4JHHZK1/BxbFRtf/siA2SWTe09caDmVtYYzWEIbBS4zw==
    dependencies:
      function-bind "^1.1.1"
  
  is-core-module@^2.8.1:
    version "2.8.1"
    resolved "https://registry.yarnpkg.com/is-core-module/-/is-core-module-2.8.1.tgz#f59fdfca701d5879d0a6b100a40aa1560ce27211"
    integrity sha512-SdNCUs284hr40hFTFP6l0IfZ/RSrMXF3qgoRHd3/79unUTvrFO/JoXwkGm+5J/Oe3E/b5GsnG330uUNgRpu1PA==
    dependencies:
      has "^1.0.3"
  
  is-extglob@^2.1.1:
    version "2.1.1"
    resolved "https://registry.yarnpkg.com/is-extglob/-/is-extglob-2.1.1.tgz#a88c02535791f02ed37c76a1b9ea9773c833f8c2"
    integrity sha1-qIwCU1eR8C7TfHahueqXc8gz+MI=
  
  is-glob@^4.0.1:
    version "4.0.3"
    resolved "https://registry.yarnpkg.com/is-glob/-/is-glob-4.0.3.tgz#64f61e42cbbb2eec2071a9dac0b28ba1e65d5084"
    integrity sha512-xelSayHH36ZgE7ZWhli7pW34hNbNl8Ojv5KVmkJD4hBdD3th8Tfk9vYasLM+mXWOZhFkgZfxhLSnrwRr4elSSg==
    dependencies:
      is-extglob "^2.1.1"
  
  is-number@^7.0.0:
    version "7.0.0"
    resolved "https://registry.yarnpkg.com/is-number/-/is-number-7.0.0.tgz#7535345b896734d5f80c4d06c50955527a14f12b"
    integrity sha512-41Cifkg6e8TylSpdtTpeLVMqvSBEVzTttHvERD741+pnZ8ANv0004MRL43QKPDlK9cGvNp6NZWZUBlbGXYxxng==
  
  js-tokens@^4.0.0:
    version "4.0.0"
    resolved "https://registry.yarnpkg.com/js-tokens/-/js-tokens-4.0.0.tgz#19203fb59991df98e3a287050d4647cdeaf32499"
    integrity sha512-RdJUflcE3cUzKiMqQgsCu06FPu9UdIJO0beYbPhHN4k6apgJtifcoCtT9bcxOpYBtpD2kCM6Sbzg4CausW/PKQ==
  
  js-yaml@^4.1.0:
    version "4.1.0"
    resolved "https://registry.yarnpkg.com/js-yaml/-/js-yaml-4.1.0.tgz#c1fb65f8f5017901cdd2c951864ba18458a10602"
    integrity sha512-wpxZs9NoxZaJESJGIZTyDEaYpl0FKSA+FB9aJiyemKhMwkxQg63h4T1KJgUGHpTqPDNRcmmYLugrRjJlBtWvRA==
    dependencies:
      argparse "^2.0.1"
  
  jsesc@^2.5.1:
    version "2.5.2"
    resolved "https://registry.yarnpkg.com/jsesc/-/jsesc-2.5.2.tgz#80564d2e483dacf6e8ef209650a67df3f0c283a4"
    integrity sha512-OYu7XEzjkCQ3C5Ps3QIZsQfNpqoJyZZA99wd9aWd05NCtC5pWOkShK2mkL6HXQR6/Cy2lbNdPlZBpuQHXE63gA==
  
  json5@^2.2.1:
    version "2.2.1"
    resolved "https://registry.yarnpkg.com/json5/-/json5-2.2.1.tgz#655d50ed1e6f95ad1a3caababd2b0efda10b395c"
    integrity sha512-1hqLFMSrGHRHxav9q9gNjJ5EXznIxGVO09xQRrwplcS8qs28pZ8s8hupZAmqDwZUmVZ2Qb2jnyPOWcDH8m8dlA==
  
  jsonc-eslint-parser@^1.0.1:
    version "1.4.1"
    resolved "https://registry.yarnpkg.com/jsonc-eslint-parser/-/jsonc-eslint-parser-1.4.1.tgz#8cbe99f6f5199acbc5a823c4c0b6135411027fa6"
    integrity sha512-hXBrvsR1rdjmB2kQmUjf1rEIa+TqHBGMge8pwi++C+Si1ad7EjZrJcpgwym+QGK/pqTx+K7keFAtLlVNdLRJOg==
    dependencies:
      acorn "^7.4.1"
      eslint-utils "^2.1.0"
      eslint-visitor-keys "^1.3.0"
      espree "^6.0.0"
      semver "^6.3.0"
  
  leaflet@^1.7.1:
    version "1.7.1"
    resolved "https://registry.yarnpkg.com/leaflet/-/leaflet-1.7.1.tgz#10d684916edfe1bf41d688a3b97127c0322a2a19"
    integrity sha512-/xwPEBidtg69Q3HlqPdU3DnrXQOvQU/CCHA1tcDQVzOwm91YMYaILjNp7L4Eaw5Z4sOYdbBz6koWyibppd8Zqw==
  
  lodash-es@^4.17.21:
    version "4.17.21"
    resolved "https://registry.yarnpkg.com/lodash-es/-/lodash-es-4.17.21.tgz#43e626c46e6591b7750beb2b50117390c609e3ee"
    integrity sha512-mKnC+QJ9pWVzv+C4/U3rRsHapFfHvQFoFB92e52xeyGMcX6/OlIl78je1u8vePzYZSkkogMPJ2yjxxsb89cxyw==
  
  lodash-unified@^1.0.2:
    version "1.0.2"
    resolved "https://registry.yarnpkg.com/lodash-unified/-/lodash-unified-1.0.2.tgz#bb2694db3533781e5cce984af60cfaea318b83c1"
    integrity sha512-OGbEy+1P+UT26CYi4opY4gebD8cWRDxAT6MAObIVQMiqYdxZr1g3QHWCToVsm31x2NkLS4K3+MC2qInaRMa39g==
  
  lodash@^4.17.20, lodash@^4.17.21:
    version "4.17.21"
    resolved "https://registry.yarnpkg.com/lodash/-/lodash-4.17.21.tgz#679591c564c3bffaae8454cf0b3df370c3d6911c"
    integrity sha512-v2kDEe57lecTulaDIuNTPy3Ry4gLGJ6Z1O3vE1krgXZNrsQ+LFTGHVxVjcXPs17LhbZVGedAJv8XZ1tvj5FvSg==
  
  magic-string@^0.25.7:
    version "0.25.9"
    resolved "https://registry.yarnpkg.com/magic-string/-/magic-string-0.25.9.tgz#de7f9faf91ef8a1c91d02c2e5314c8277dbcdd1c"
    integrity sha512-RmF0AsMzgt25qzqqLc1+MbHmhdx0ojF2Fvs4XnOqz2ZOBXzzkEwc/dJQZCYHAn7v1jbVOjAZfK8msRn4BxO4VQ==
    dependencies:
      sourcemap-codec "^1.4.8"
  
  memoize-one@^6.0.0:
    version "6.0.0"
    resolved "https://registry.yarnpkg.com/memoize-one/-/memoize-one-6.0.0.tgz#b2591b871ed82948aee4727dc6abceeeac8c1045"
    integrity sha512-rkpe71W0N0c0Xz6QD0eJETuWAJGnJ9afsl1srmwPrI+yBCkge5EycXXbYRyvL29zZVUWQCY7InPRCv3GDXuZNw==
  
  merge2@^1.3.0:
    version "1.4.1"
    resolved "https://registry.yarnpkg.com/merge2/-/merge2-1.4.1.tgz#4368892f885e907455a6fd7dc55c0c9d404990ae"
    integrity sha512-8q7VEgMJW4J8tcfVPy8g09NcQwZdbwFEqhe/WZkoIzjn/3TGDwtOCYtXGxA3O8tPzpczCCDgv+P2P5y00ZJOOg==
  
  micromatch@^4.0.4:
    version "4.0.5"
    resolved "https://registry.yarnpkg.com/micromatch/-/micromatch-4.0.5.tgz#bc8999a7cbbf77cdc89f132f6e467051b49090c6"
    integrity sha512-DMy+ERcEW2q8Z2Po+WNXuw3c5YaUSFjAO5GsJqfEl7UjvtIuFKO6ZrKvcItdy98dwFI2N1tg3zNIdKaQT+aNdA==
    dependencies:
      braces "^3.0.2"
      picomatch "^2.3.1"
  
  mitt@^3.0.0:
    version "3.0.0"
    resolved "https://registry.yarnpkg.com/mitt/-/mitt-3.0.0.tgz#69ef9bd5c80ff6f57473e8d89326d01c414be0bd"
    integrity sha512-7dX2/10ITVyqh4aOSVI9gdape+t9l2/8QxHrFmUXu4EEUpdlxl6RudZUPZoc+zuY2hk1j7XxVroIVIan/pD/SQ==
  
  ms@2.1.2:
    version "2.1.2"
    resolved "https://registry.yarnpkg.com/ms/-/ms-2.1.2.tgz#d09d1f357b443f493382a8eb3ccd183872ae6009"
    integrity sha512-sGkPx+VjMtmA6MX27oA4FBFELFCZZ4S4XqeGOXCv68tT+jb3vk/RyaKWP0PTKyWtmLSM0b+adUTEvbs1PEaH2w==
  
  nanoid@^3.3.1:
    version "3.3.2"
    resolved "https://registry.yarnpkg.com/nanoid/-/nanoid-3.3.2.tgz#c89622fafb4381cd221421c69ec58547a1eec557"
    integrity sha512-CuHBogktKwpm5g2sRgv83jEy2ijFzBwMoYA60orPDR7ynsLijJDqgsi4RDGj3OJpy3Ieb+LYwiRmIOGyytgITA==
  
  node-releases@^2.0.2:
    version "2.0.2"
    resolved "https://registry.yarnpkg.com/node-releases/-/node-releases-2.0.2.tgz#7139fe71e2f4f11b47d4d2986aaf8c48699e0c01"
    integrity sha512-XxYDdcQ6eKqp/YjI+tb2C5WM2LgjnZrfYg4vgQt49EK268b6gYCHsBLrK2qvJo4FmCtqmKezb0WZFK4fkrZNsg==
  
  normalize-wheel-es@^1.1.2:
    version "1.1.2"
    resolved "https://registry.yarnpkg.com/normalize-wheel-es/-/normalize-wheel-es-1.1.2.tgz#285e43676a62d687bf145e33452ea6be435162d0"
    integrity sha512-scX83plWJXYH1J4+BhAuIHadROzxX0UBF3+HuZNY2Ks8BciE7tSTQ+5JhTsvzjaO0/EJdm4JBGrfObKxFf3Png==
  
  path-parse@^1.0.7:
    version "1.0.7"
    resolved "https://registry.yarnpkg.com/path-parse/-/path-parse-1.0.7.tgz#fbc114b60ca42b30d9daf5858e4bd68bbedb6735"
    integrity sha512-LDJzPVEEEPR+y48z93A0Ed0yXb8pAByGWo/k5YYdYgpY2/2EsOsksJrq7lOHxryrVOn1ejG6oAp8ahvOIQD8sw==
  
  picocolors@^1.0.0:
    version "1.0.0"
    resolved "https://registry.yarnpkg.com/picocolors/-/picocolors-1.0.0.tgz#cb5bdc74ff3f51892236eaf79d68bc44564ab81c"
    integrity sha512-1fygroTLlHu66zi26VoTDv8yRgm0Fccecssto+MhsZ0D/DGW2sm8E8AjW7NU5VVTRt5GxbeZ5qBuJr+HyLYkjQ==
  
  picomatch@^2.2.2, picomatch@^2.3.1:
    version "2.3.1"
    resolved "https://registry.yarnpkg.com/picomatch/-/picomatch-2.3.1.tgz#3ba3833733646d9d3e4995946c1365a67fb07a42"
    integrity sha512-JU3teHTNjmE2VCGFzuY8EXzCDVwEqB2a8fsIvwaStHhAWJEeVd1o1QD80CU6+ZdEXXSLbSsuLwJjkCBWqRQUVA==
  
  postcss@^8.1.10, postcss@^8.4.12:
    version "8.4.12"
    resolved "https://registry.yarnpkg.com/postcss/-/postcss-8.4.12.tgz#1e7de78733b28970fa4743f7da6f3763648b1905"
    integrity sha512-lg6eITwYe9v6Hr5CncVbK70SoioNQIq81nsaG86ev5hAidQvmOeETBqs7jm43K2F5/Ley3ytDtriImV6TpNiSg==
    dependencies:
      nanoid "^3.3.1"
      picocolors "^1.0.0"
      source-map-js "^1.0.2"
  
  queue-microtask@^1.2.2:
    version "1.2.3"
    resolved "https://registry.yarnpkg.com/queue-microtask/-/queue-microtask-1.2.3.tgz#4929228bbc724dfac43e0efb058caf7b6cfb6243"
    integrity sha512-NuaNSa6flKT5JaSYQzJok04JzTL1CA6aGhv5rfLW3PgqA+M2ChpZQnAC8h8i4ZFkBS8X5RqkDBHA7r4hej3K9A==
  
  resolve@^1.22.0:
    version "1.22.0"
    resolved "https://registry.yarnpkg.com/resolve/-/resolve-1.22.0.tgz#5e0b8c67c15df57a89bdbabe603a002f21731198"
    integrity sha512-Hhtrw0nLeSrFQ7phPp4OOcVjLPIeMnRlr5mcnVuMe7M/7eBn98A3hmFRLoFo3DLZkivSYwhRUJTyPyWAk56WLw==
    dependencies:
      is-core-module "^2.8.1"
      path-parse "^1.0.7"
      supports-preserve-symlinks-flag "^1.0.0"
  
  reusify@^1.0.4:
    version "1.0.4"
    resolved "https://registry.yarnpkg.com/reusify/-/reusify-1.0.4.tgz#90da382b1e126efc02146e90845a88db12925d76"
    integrity sha512-U9nH88a3fc/ekCF1l0/UP1IosiuIjyTh7hBvXVMHYgVcfGvt897Xguj2UOLDeI5BG2m7/uwyaLVT6fbtCwTyzw==
  
  rollup@^2.59.0:
    version "2.70.1"
    resolved "https://registry.yarnpkg.com/rollup/-/rollup-2.70.1.tgz#824b1f1f879ea396db30b0fc3ae8d2fead93523e"
    integrity sha512-CRYsI5EuzLbXdxC6RnYhOuRdtz4bhejPMSWjsFLfVM/7w/85n2szZv6yExqUXsBdz5KT8eoubeyDUDjhLHEslA==
    optionalDependencies:
      fsevents "~2.3.2"
  
  run-parallel@^1.1.9:
    version "1.2.0"
    resolved "https://registry.yarnpkg.com/run-parallel/-/run-parallel-1.2.0.tgz#66d1368da7bdf921eb9d95bd1a9229e7f21a43ee"
    integrity sha512-5l4VyZR86LZ/lDxZTR6jqL8AFE2S0IFLMP26AbjsLVADxHdhB/c0GUsH+y39UfCi3dzz8OlQuPmnaJOMoDHQBA==
    dependencies:
      queue-microtask "^1.2.2"
  
  safe-buffer@~5.1.1:
    version "5.1.2"
    resolved "https://registry.yarnpkg.com/safe-buffer/-/safe-buffer-5.1.2.tgz#991ec69d296e0313747d59bdfd2b745c35f8828d"
    integrity sha512-Gd2UZBJDkXlY7GbJxfsE8/nvKkUEU1G38c1siN6QP6a9PT9MmHB8GnpscSmMJSoF8LOIrt8ud/wPtojys4G6+g==
  
  select@^1.1.2:
    version "1.1.2"
    resolved "https://registry.yarnpkg.com/select/-/select-1.1.2.tgz#0e7350acdec80b1108528786ec1d4418d11b396d"
    integrity sha1-DnNQrN7ICxEIUoeG7B1EGNEbOW0=
  
  semver@^6.3.0:
    version "6.3.0"
    resolved "https://registry.yarnpkg.com/semver/-/semver-6.3.0.tgz#ee0a64c8af5e8ceea67687b133761e1becbd1d3d"
    integrity sha512-b39TBaTSfV6yBrapU89p5fKekE2m/NwnDocOVruQFS1/veMgdzuPcnOM34M6CwxW8jH/lxEa5rBoDeUwu5HHTw==
  
  source-map-js@^1.0.2:
    version "1.0.2"
    resolved "https://registry.yarnpkg.com/source-map-js/-/source-map-js-1.0.2.tgz#adbc361d9c62df380125e7f161f71c826f1e490c"
    integrity sha512-R0XvVJ9WusLiqTCEiGCmICCMplcCkIwwR11mOSD9CR5u+IXYdiseeEuXCVAjS54zqwkLcPNnmU4OeJ6tUrWhDw==
  
  source-map@0.6.1, source-map@^0.6.1:
    version "0.6.1"
    resolved "https://registry.yarnpkg.com/source-map/-/source-map-0.6.1.tgz#74722af32e9614e9c287a8d0bbde48b5e2f1a263"
    integrity sha512-UjgapumWlbMhkBgzT7Ykc5YXUT46F0iKu8SGXq0bcwP5dz/h0Plj6enJqjz1Zbq2l5WaqYnrVbwWOWMyF3F47g==
  
  source-map@^0.5.0:
    version "0.5.7"
    resolved "https://registry.yarnpkg.com/source-map/-/source-map-0.5.7.tgz#8a039d2d1021d22d1ea14c80d8ea468ba2ef3fcc"
    integrity sha1-igOdLRAh0i0eoUyA2OpGi6LvP8w=
  
  sourcemap-codec@^1.4.8:
    version "1.4.8"
    resolved "https://registry.yarnpkg.com/sourcemap-codec/-/sourcemap-codec-1.4.8.tgz#ea804bd94857402e6992d05a38ef1ae35a9ab4c4"
    integrity sha512-9NykojV5Uih4lgo5So5dtw+f0JgJX30KCNI8gwhz2J9A15wD0Ml6tjHKwf6fTSa6fAdVBdZeNOs9eJ71qCk8vA==
  
  supports-color@^5.3.0:
    version "5.5.0"
    resolved "https://registry.yarnpkg.com/supports-color/-/supports-color-5.5.0.tgz#e2e69a44ac8772f78a1ec0b35b689df6530efc8f"
    integrity sha512-QjVjwdXIt408MIiAqCX4oUKsgU2EqAGzs2Ppkm4aQYbjm+ZEWEcW4SfFNTr4uMNZma0ey4f5lgLrkB0aX0QMow==
    dependencies:
      has-flag "^3.0.0"
  
  supports-preserve-symlinks-flag@^1.0.0:
    version "1.0.0"
    resolved "https://registry.yarnpkg.com/supports-preserve-symlinks-flag/-/supports-preserve-symlinks-flag-1.0.0.tgz#6eda4bd344a3c94aea376d4cc31bc77311039e09"
    integrity sha512-ot0WnXS9fgdkgIcePe6RHNk1WA8+muPa6cSjeR3V8K27q9BB1rTE3R1p7Hv0z1ZyAc8s6Vvv8DIyWf681MAt0w==
  
  svg.draggable.js@^2.2.2:
    version "2.2.2"
    resolved "https://registry.yarnpkg.com/svg.draggable.js/-/svg.draggable.js-2.2.2.tgz#c514a2f1405efb6f0263e7958f5b68fce50603ba"
    integrity sha512-JzNHBc2fLQMzYCZ90KZHN2ohXL0BQJGQimK1kGk6AvSeibuKcIdDX9Kr0dT9+UJ5O8nYA0RB839Lhvk4CY4MZw==
    dependencies:
      svg.js "^2.0.1"
  
  svg.easing.js@^2.0.0:
    version "2.0.0"
    resolved "https://registry.yarnpkg.com/svg.easing.js/-/svg.easing.js-2.0.0.tgz#8aa9946b0a8e27857a5c40a10eba4091e5691f12"
    integrity sha1-iqmUawqOJ4V6XEChDrpAkeVpHxI=
    dependencies:
      svg.js ">=2.3.x"
  
  svg.filter.js@^2.0.2:
    version "2.0.2"
    resolved "https://registry.yarnpkg.com/svg.filter.js/-/svg.filter.js-2.0.2.tgz#91008e151389dd9230779fcbe6e2c9a362d1c203"
    integrity sha1-kQCOFROJ3ZIwd5/L5uLJo2LRwgM=
    dependencies:
      svg.js "^2.2.5"
  
  svg.js@>=2.3.x, svg.js@^2.0.1, svg.js@^2.2.5, svg.js@^2.4.0, svg.js@^2.6.5:
    version "2.7.1"
    resolved "https://registry.yarnpkg.com/svg.js/-/svg.js-2.7.1.tgz#eb977ed4737001eab859949b4a398ee1bb79948d"
    integrity sha512-ycbxpizEQktk3FYvn/8BH+6/EuWXg7ZpQREJvgacqn46gIddG24tNNe4Son6omdXCnSOaApnpZw6MPCBA1dODA==
  
  svg.pathmorphing.js@^0.1.3:
    version "0.1.3"
    resolved "https://registry.yarnpkg.com/svg.pathmorphing.js/-/svg.pathmorphing.js-0.1.3.tgz#c25718a1cc7c36e852ecabc380e758ac09bb2b65"
    integrity sha512-49HWI9X4XQR/JG1qXkSDV8xViuTLIWm/B/7YuQELV5KMOPtXjiwH4XPJvr/ghEDibmLQ9Oc22dpWpG0vUDDNww==
    dependencies:
      svg.js "^2.4.0"
  
  svg.resize.js@^1.4.3:
    version "1.4.3"
    resolved "https://registry.yarnpkg.com/svg.resize.js/-/svg.resize.js-1.4.3.tgz#885abd248e0cd205b36b973c4b578b9a36f23332"
    integrity sha512-9k5sXJuPKp+mVzXNvxz7U0uC9oVMQrrf7cFsETznzUDDm0x8+77dtZkWdMfRlmbkEEYvUn9btKuZ3n41oNA+uw==
    dependencies:
      svg.js "^2.6.5"
      svg.select.js "^2.1.2"
  
  svg.select.js@^2.1.2:
    version "2.1.2"
    resolved "https://registry.yarnpkg.com/svg.select.js/-/svg.select.js-2.1.2.tgz#e41ce13b1acff43a7441f9f8be87a2319c87be73"
    integrity sha512-tH6ABEyJsAOVAhwcCjF8mw4crjXSI1aa7j2VQR8ZuJ37H2MBUbyeqYr5nEO7sSN3cy9AR9DUwNg0t/962HlDbQ==
    dependencies:
      svg.js "^2.2.5"
  
  svg.select.js@^3.0.1:
    version "3.0.1"
    resolved "https://registry.yarnpkg.com/svg.select.js/-/svg.select.js-3.0.1.tgz#a4198e359f3825739226415f82176a90ea5cc917"
    integrity sha512-h5IS/hKkuVCbKSieR9uQCj9w+zLHoPh+ce19bBYyqF53g6mnPB8sAtIbe1s9dh2S2fCmYX2xel1Ln3PJBbK4kw==
    dependencies:
      svg.js "^2.6.5"
  
  tiny-emitter@^2.0.0:
    version "2.1.0"
    resolved "https://registry.yarnpkg.com/tiny-emitter/-/tiny-emitter-2.1.0.tgz#1d1a56edfc51c43e863cbb5382a72330e3555423"
    integrity sha512-NB6Dk1A9xgQPMoGqC5CVXn123gWyte215ONT5Pp5a0yt4nlEoO1ZWeCwpncaekPHXO60i47ihFnZPiRPjRMq4Q==
  
  to-fast-properties@^2.0.0:
    version "2.0.0"
    resolved "https://registry.yarnpkg.com/to-fast-properties/-/to-fast-properties-2.0.0.tgz#dc5e698cbd079265bc73e0377681a4e4e83f616e"
    integrity sha1-3F5pjL0HkmW8c+A3doGk5Og/YW4=
  
  to-regex-range@^5.0.1:
    version "5.0.1"
    resolved "https://registry.yarnpkg.com/to-regex-range/-/to-regex-range-5.0.1.tgz#1648c44aae7c8d988a326018ed72f5b4dd0392e4"
    integrity sha512-65P7iz6X5yEr1cwcgvQxbbIw7Uk3gOy5dIdtZ4rDveLqhrdJP+Li/Hx6tyK0NEb+2GCyneCMJiGqrADCSNk8sQ==
    dependencies:
      is-number "^7.0.0"
  
  uuid@^8.3.2:
    version "8.3.2"
    resolved "https://registry.yarnpkg.com/uuid/-/uuid-8.3.2.tgz#80d5b5ced271bb9af6c445f21a1a04c606cefbe2"
    integrity sha512-+NYs2QeMWy+GWFOEm9xnn6HCDp0l7QBD7ml8zLUmJ+93Q5NF0NocErnwkTkXVFNiX3/fpC6afS8Dhb/gz7R7eg==
  
  vite@^2.7.2:
    version "2.9.1"
    resolved "https://registry.yarnpkg.com/vite/-/vite-2.9.1.tgz#84bce95fae210a7beb566a0af06246748066b48f"
    integrity sha512-vSlsSdOYGcYEJfkQ/NeLXgnRv5zZfpAsdztkIrs7AZHV8RCMZQkwjo4DS5BnrYTqoWqLoUe1Cah4aVO4oNNqCQ==
    dependencies:
      esbuild "^0.14.27"
      postcss "^8.4.12"
      resolve "^1.22.0"
      rollup "^2.59.0"
    optionalDependencies:
      fsevents "~2.3.2"
  
  vue-demi@*:
    version "0.12.5"
    resolved "https://registry.yarnpkg.com/vue-demi/-/vue-demi-0.12.5.tgz#8eeed566a7d86eb090209a11723f887d28aeb2d1"
    integrity sha512-BREuTgTYlUr0zw0EZn3hnhC3I6gPWv+Kwh4MCih6QcAeaTlaIX0DwOVN0wHej7hSvDPecz4jygy/idsgKfW58Q==
  
  vue-i18n@^9.1.9:
    version "9.1.9"
    resolved "https://registry.yarnpkg.com/vue-i18n/-/vue-i18n-9.1.9.tgz#cb53e06ab5cc5b7eed59332f151caf48d47be9bb"
    integrity sha512-JeRdNVxS2OGp1E+pye5XB6+M6BBkHwAv9C80Q7+kzoMdUDGRna06tjC0vCB/jDX9aWrl5swxOMFcyAr7or8XTA==
    dependencies:
      "@intlify/core-base" "9.1.9"
      "@intlify/shared" "9.1.9"
      "@intlify/vue-devtools" "9.1.9"
      "@vue/devtools-api" "^6.0.0-beta.7"
  
  vue-sfc2esm@^0.1.6:
    version "0.1.6"
    resolved "https://registry.yarnpkg.com/vue-sfc2esm/-/vue-sfc2esm-0.1.6.tgz#5d639b9e30b354a7a4b59aa93c2c9035176ef2c0"
    integrity sha512-FXqM7HSajPpTcSOZCVGR8yMrYoRi26OI2EkxIoP083r3v9Ep1o4d6ddaWzP/Rac5TYJ0+P5a4WtDmeez952e3A==
    dependencies:
      "@vue/compiler-sfc" "^3.0.0"
      vue "^3.0.0"
  
  vue3-apexcharts@^1.4.1:
    version "1.4.1"
    resolved "https://registry.yarnpkg.com/vue3-apexcharts/-/vue3-apexcharts-1.4.1.tgz#ea561308430a1c5213b7f17c44ba3c845f6c490d"
    integrity sha512-96qP8JDqB9vwU7bkG5nVU+E0UGQn7yYQVqUUCLQMYWDuQyu2vE77H/UFZ1yI+hwzlSTBKT9BqnNG8JsFegB3eg==
  
  vue3-json-viewer@^1.0.4:
    version "1.0.7"
    resolved "https://registry.yarnpkg.com/vue3-json-viewer/-/vue3-json-viewer-1.0.7.tgz#df5974dadf10a7f3851b4e17b2490eef5562737d"
    integrity sha512-ztsosXjUHfJX0nkfwQ5TpUqnUbyMKhshRP0hbauC5MHJR2vyiRw1fivWRTwt6KduhWZTWdGsZm/UGd0wLhjrbA==
    dependencies:
      "@migrate-to-esm/clipboard" "^2.0.6-1"
  
  vue3-sfc-loader@^0.8.4:
    version "0.8.4"
    resolved "https://registry.yarnpkg.com/vue3-sfc-loader/-/vue3-sfc-loader-0.8.4.tgz#b13309c2a466a4a9139ece4a42047e157ad8e21b"
    integrity sha512-eziaIrk/N9f9OCpyFEkR6vMsZUHcF5mQslXjffwcb5Iq6EuU74QrlpBeJqA04MvAGT7f5O8la2v9k3NtQnJb3Q==
  
  vue@^3.0.0:
    version "3.2.32"
    resolved "https://registry.yarnpkg.com/vue/-/vue-3.2.32.tgz#a09840e237384c673f421ff7280c4469714f2ac0"
    integrity sha512-6L3jKZApF042OgbCkh+HcFeAkiYi3Lovi8wNhWqIK98Pi5efAMLZzRHgi91v+60oIRxdJsGS9sTMsb+yDpY8Eg==
    dependencies:
      "@vue/compiler-dom" "3.2.32"
      "@vue/compiler-sfc" "3.2.32"
      "@vue/runtime-dom" "3.2.32"
      "@vue/server-renderer" "3.2.32"
      "@vue/shared" "3.2.32"
  
  vue@^3.2.25:
    version "3.2.31"
    resolved "https://registry.yarnpkg.com/vue/-/vue-3.2.31.tgz#e0c49924335e9f188352816788a4cca10f817ce6"
    integrity sha512-odT3W2tcffTiQCy57nOT93INw1auq5lYLLYtWpPYQQYQOOdHiqFct9Xhna6GJ+pJQaF67yZABraH47oywkJgFw==
    dependencies:
      "@vue/compiler-dom" "3.2.31"
      "@vue/compiler-sfc" "3.2.31"
      "@vue/runtime-dom" "3.2.31"
      "@vue/server-renderer" "3.2.31"
      "@vue/shared" "3.2.31"
  
  xstate@^4.28.1:
    version "4.30.6"
    resolved "https://registry.yarnpkg.com/xstate/-/xstate-4.30.6.tgz#62b6dea37a500e0e1c0ff7c553a801eea5119554"
    integrity sha512-V7liK1cjkZRh6R/MSneG8S5VLGRatpOUcnNieiYJX4LbwKi9eUVUH5V04ugJYVcJ+2oKDKvEFvzk0VnSC7lTag==
  
  yaml-eslint-parser@^0.3.2:
    version "0.3.2"
    resolved "https://registry.yarnpkg.com/yaml-eslint-parser/-/yaml-eslint-parser-0.3.2.tgz#c7f5f3904f1c06ad55dc7131a731b018426b4898"
    integrity sha512-32kYO6kJUuZzqte82t4M/gB6/+11WAuHiEnK7FreMo20xsCKPeFH5tDBU7iWxR7zeJpNnMXfJyXwne48D0hGrg==
    dependencies:
      eslint-visitor-keys "^1.3.0"
      lodash "^4.17.20"
      yaml "^1.10.0"
  
  yaml@^1.10.0:
    version "1.10.2"
    resolved "https://registry.yarnpkg.com/yaml/-/yaml-1.10.2.tgz#2301c5ffbf12b467de8da2333a459e29e7920e4b"
    integrity sha512-r3vXyErRCYJ7wg28yvBY5VSoAF8ZvlcW9/BwUzEtUsjvX/DKs24dIkuwjtuprwJJHsbyUbLApepYTR1BN4uHrg==
